<?xml version="1.0" encoding="UTF-8"?><testsuite name="nosetests" tests="597" errors="0" failures="0" skip="8"><testcase classname="gbp.command_wrappers.Command" name="__call__" time="0.015"></testcase><testcase classname="gbp.command_wrappers.Command" name="_f" time="0.001"></testcase><testcase classname="gbp.command_wrappers.Command" name="call" time="0.032"></testcase><testcase classname="gbp.config.GbpOptionParser" name="_listify" time="0.004"></testcase><testcase classname="gbp.config.GbpOptionParser" name="_name_to_filename" time="0.002"></testcase><testcase classname="gbp.config.GbpOptionParser" name="get_config_files" time="0.005"></testcase><testcase classname="gbp.deb.format" name="DebianSourceFormat" time="0.003"></testcase><testcase classname="gbp.deb.format.DebianSourceFormat" name="parse_file" time="0.004"></testcase><testcase classname="gbp.deb.git.DebianGitRepository" name="_build_legacy_tag" time="0.002"></testcase><testcase classname="gbp.deb.git.DebianGitRepository" name="_mangle_version" time="0.003"></testcase><testcase classname="gbp.deb.git.DebianGitRepository" name="_sanitize_version" time="0.003"></testcase><testcase classname="gbp.deb.git.DebianGitRepository" name="_unsanitize_version" time="0.002"></testcase><testcase classname="gbp.deb.git.DebianGitRepository" name="tag_to_version" time="0.003"></testcase><testcase classname="gbp.deb.git.DebianGitRepository" name="version_to_tag" time="0.003"></testcase><testcase classname="gbp.deb.policy" name="DebianPkgPolicy" time="0.002"></testcase><testcase classname="gbp.deb.policy.DebianPkgPolicy" name="build_tarball_name" time="0.003"></testcase><testcase classname="gbp.deb.uscan.Uscan" name="_parse" time="0.005"></testcase><testcase classname="gbp.deb.uscan.Uscan" name="_parse_uptodate" time="0.002"></testcase><testcase classname="gbp.deb.uscan.Uscan" name="_raise_error" time="0.004"></testcase><testcase classname="gbp.format" name="format_b" time="0.002"></testcase><testcase classname="gbp.format" name="format_str" time="0.005"></testcase><testcase classname="gbp.git.args" name="GitArgs" time="0.004"></testcase><testcase classname="gbp.git.commit.GitCommit" name="is_sha1" time="0.002"></testcase><testcase classname="gbp.git.modifier.GitModifier" name="get_author_env" time="0.003"></testcase><testcase classname="gbp.git.modifier.GitModifier" name="get_committer_env" time="0.002"></testcase><testcase classname="gbp.git.repository.GitRepository" name="strip_sha1" time="0.003"></testcase><testcase classname="gbp.git" name="rfc822_date_to_git" time="0.005"></testcase><testcase classname="gbp.patch_series.Patch" name="_get_subject_from_filename" time="0.002"></testcase><testcase classname="gbp.patch_series.PatchSeries" name="_get_topic" time="0.002"></testcase><testcase classname="gbp.patch_series.PatchSeries" name="_parse_line" time="0.002"></testcase><testcase classname="gbp.patch_series.PatchSeries" name="_read_series" time="0.002"></testcase><testcase classname="gbp.patch_series.PatchSeries" name="_split_strip" time="0.002"></testcase><testcase classname="gbp.patch_series.PatchSeries" name="_strip_comment" time="0.002"></testcase><testcase classname="gbp.pkg.archive.Archive" name="parse_filename" time="0.003"></testcase><testcase classname="gbp.pkg.compressor.Compressor" name="__repr__" time="0.002"></testcase><testcase classname="gbp.pkg.compressor.Compressor" name="cmdline" time="0.002"></testcase><testcase classname="gbp.pkg.git.PkgGitRepository" name="sanitize_prefix" time="0.002"></testcase><testcase classname="gbp.pkg.pkgpolicy.PkgPolicy" name="guess_upstream_src_version" time="0.006"></testcase><testcase classname="gbp.pkg.pkgpolicy.PkgPolicy" name="is_valid_packagename" time="0.002"></testcase><testcase classname="gbp.pkg.pkgpolicy.PkgPolicy" name="is_valid_upstreamversion" time="0.002"></testcase><testcase classname="gbp.pkg.pkgpolicy.PkgPolicy" name="version_subst" time="0.002"></testcase><testcase classname="gbp.rpm.git.RpmGitRepository" name="_sanitize_tag" time="0.003"></testcase><testcase classname="gbp.rpm.git.RpmGitRepository" name="version_to_tag" time="0.002"></testcase><testcase classname="gbp.rpm.linkedlist.LinkedList" name="append" time="0.003"></testcase><testcase classname="gbp.rpm.linkedlist.LinkedList" name="delete" time="0.004"></testcase><testcase classname="gbp.rpm.linkedlist.LinkedList" name="insert_after" time="0.002"></testcase><testcase classname="gbp.rpm.linkedlist.LinkedList" name="insert_before" time="0.002"></testcase><testcase classname="gbp.rpm.linkedlist.LinkedList" name="prepend" time="0.002"></testcase><testcase classname="gbp.rpm.linkedlist.LinkedListNode" name="set_data" time="0.002"></testcase><testcase classname="gbp.rpm.policy.RpmPkgPolicy" name="is_valid_orig_archive" time="0.002"></testcase><testcase classname="gbp.rpm" name="compose_version_str" time="0.002"></testcase><testcase classname="gbp.rpm" name="filter_version" time="0.003"></testcase><testcase classname="gbp.rpm" name="split_version_str" time="0.002"></testcase><testcase classname="gbp.rpm" name="string_to_int" time="0.002"></testcase><testcase classname="gbp.scripts.buildpackage" name="changes_file_suffix" time="0.015"></testcase><testcase classname="gbp.scripts.clone" name="repo_to_url" time="0.001"></testcase><testcase classname="gbp.scripts.common.pq" name="is_pq_branch" time="0.001"></testcase><testcase classname="gbp.scripts.common.pq" name="pq_branch_base" time="0.001"></testcase><testcase classname="gbp.scripts.common.pq" name="pq_branch_name" time="0.001"></testcase><testcase classname="gbp.scripts.common" name="is_download" time="0.002"></testcase><testcase classname="gbp.scripts.create_remote_repo" name="build_cmd" time="0.001"></testcase><testcase classname="gbp.scripts.create_remote_repo" name="print_config" time="0.001"></testcase><testcase classname="gbp.scripts.dch" name="snapshot_version" time="0.002"></testcase><testcase classname="gbp.scripts.import_dsc" name="is_download" time="0.003"></testcase><testcase classname="gbp.scripts.import_orig" name="find_upstream" time="0.003"></testcase><testcase classname="gbp.scripts.pq" name="compare_series" time="0.002"></testcase><testcase classname="gbp.scripts.pq" name="format_series_diff" time="0.001"></testcase><testcase classname="gbp.scripts.supercommand" name="pymod_to_cmd" time="0.001"></testcase><testcase classname="gbp.tristate.Tristate" name="__nonzero__" time="0.001"></testcase><testcase classname="gbp.tristate.Tristate" name="__repr__" time="0.001"></testcase><testcase classname="tests.component.deb.test_buildpackage.TestBuildpackage" name="test_argument_quoting" time="0.659"><system-out><![CDATA[../arg with spaces
]]></system-out></testcase><testcase classname="tests.component.deb.test_buildpackage.TestBuildpackage" name="test_broken_upstream_version" time="1.420"></testcase><testcase classname="tests.component.deb.test_buildpackage.TestBuildpackage" name="test_component_generation" time="1.260"></testcase><testcase classname="tests.component.deb.test_buildpackage.TestBuildpackage" name="test_debian_buildpackage" time="0.806"></testcase><testcase classname="tests.component.deb.test_buildpackage.TestBuildpackage" name="test_export_dir_additional_tar" time="1.601"></testcase><testcase classname="tests.component.deb.test_buildpackage.TestBuildpackage" name="test_export_dir_buildpackage" time="1.343"></testcase><testcase classname="tests.component.deb.test_buildpackage.TestBuildpackage" name="test_export_dir_overlay" time="0.502"></testcase><testcase classname="tests.component.deb.test_buildpackage.TestBuildpackage" name="test_export_dir_version_replacement" time="0.495"></testcase><testcase classname="tests.component.deb.test_buildpackage.TestBuildpackage" name="test_export_wc_buildpackage" time="1.281"></testcase><testcase classname="tests.component.deb.test_buildpackage.TestBuildpackage" name="test_non_native_buildpackage" time="1.064"></testcase><testcase classname="tests.component.deb.test_buildpackage.TestBuildpackage" name="test_preexport" time="1.236"></testcase><testcase classname="tests.component.deb.test_buildpackage.TestBuildpackage" name="test_pristine_tar_commit" time="3.713"></testcase><testcase classname="tests.component.deb.test_buildpackage.TestBuildpackage" name="test_pristinetar_component_generation" time="6.653"></testcase><testcase classname="tests.component.deb.test_buildpackage.TestBuildpackage" name="test_sloppy_tarball_generation" time="1.107"></testcase><testcase classname="tests.component.deb.test_buildpackage.TestBuildpackage" name="test_tag_detached_head" time="0.933"></testcase><testcase classname="tests.component.deb.test_buildpackage.TestBuildpackage" name="test_tag_only" time="0.586"></testcase><testcase classname="tests.component.deb.test_buildpackage.TestBuildpackage" name="test_tag_pq_branch" time="1.004"></testcase><testcase classname="tests.component.deb.test_buildpackage.TestBuildpackage" name="test_tarball_default_compression" time="1.330"></testcase><testcase classname="tests.component.deb.test_buildpackage.TestBuildpackage" name="test_tarball_max_compression" time="1.141"></testcase><testcase classname="tests.component.deb.test_clone.TestClone" name="test_clone_github" time="0.001"><skipped type="unittest.case.SkipTest" message="network tests disabled"><![CDATA[Exception: network tests disabled
]]></skipped></testcase><testcase classname="tests.component.deb.test_clone.TestClone" name="test_clone_native" time="0.571"></testcase><testcase classname="tests.component.deb.test_clone.TestClone" name="test_clone_nonempty" time="0.420"></testcase><testcase classname="tests.component.deb.test_clone.TestClone" name="test_clone_vcsgit_fail" time="0.000"><skipped type="unittest.case.SkipTest" message="network tests disabled"><![CDATA[Exception: network tests disabled
]]></skipped></testcase><testcase classname="tests.component.deb.test_clone.TestClone" name="test_clone_vcsgit_ok" time="0.000"><skipped type="unittest.case.SkipTest" message="network tests disabled"><![CDATA[Exception: network tests disabled
]]></skipped></testcase><testcase classname="tests.component.deb.test_dch.TestDch" name="test_postedit_hook" time="0.808"></testcase><testcase classname="tests.component.deb.test_dch.TestDch" name="test_user_customizations" time="1.505"></testcase><testcase classname="tests.component.deb.test_export_orig.TestExportOrig" name="test_component_generation" time="1.411"></testcase><testcase classname="tests.component.deb.test_export_orig.TestExportOrig" name="test_git_archive_tree_non_existent" time="1.054"></testcase><testcase classname="tests.component.deb.test_export_orig.TestExportOrig" name="test_pristine_tar_commit_non_existent" time="5.486"></testcase><testcase classname="tests.component.deb.test_export_orig.TestExportOrig" name="test_pristine_tar_commit_on_origin" time="5.382"></testcase><testcase classname="tests.component.deb.test_export_orig.TestExportOrig" name="test_pristine_tar_upstream_signatures_with" time="6.422"></testcase><testcase classname="tests.component.deb.test_export_orig.TestExportOrig" name="test_pristine_tar_upstream_signatures_without" time="5.448"></testcase><testcase classname="tests.component.deb.test_export_orig.TestExportOrig" name="test_pristinetar_component_generation" time="6.662"></testcase><testcase classname="tests.component.deb.test_export_orig.TestExportOrig" name="test_tarball_dir_version_replacement" time="0.758"></testcase><testcase classname="tests.component.deb.test_import_dsc.TestImportDsc" name="test_bare" time="7.387"></testcase><testcase classname="tests.component.deb.test_import_dsc.TestImportDsc" name="test_broken_download" time="0.000"><skipped type="unittest.case.SkipTest" message="network tests disabled"><![CDATA[Exception: network tests disabled
]]></skipped></testcase><testcase classname="tests.component.deb.test_import_dsc.TestImportDsc" name="test_create_branches" time="7.332"></testcase><testcase classname="tests.component.deb.test_import_dsc.TestImportDsc" name="test_debian_branch_not_master" time="0.682"></testcase><testcase classname="tests.component.deb.test_import_dsc.TestImportDsc" name="test_download" time="0.000"><skipped type="unittest.case.SkipTest" message="network tests disabled"><![CDATA[Exception: network tests disabled
]]></skipped></testcase><testcase classname="tests.component.deb.test_import_dsc.TestImportDsc" name="test_empty_repo" time="0.770"></testcase><testcase classname="tests.component.deb.test_import_dsc.TestImportDsc" name="test_existing_dir" time="0.025"><system-err><![CDATA[Traceback (most recent call last):
  File "/var/scratch/src/git-buildpackage/git-buildpackage/gbp/scripts/import_dsc.py", line 477, in main
    raise GbpError("Directory '%s' already exists. If you want to import into it, "
gbp.errors.GbpError: Directory 'hello-debhelper' already exists. If you want to import into it, please change into this directory otherwise move it away first.
]]></system-err></testcase><testcase classname="tests.component.deb.test_import_dsc.TestImportDsc" name="test_import_10" time="0.688"></testcase><testcase classname="tests.component.deb.test_import_dsc.TestImportDsc" name="test_import_30_additional_tarball_pristine_tar" time="4.872"></testcase><testcase classname="tests.component.deb.test_import_dsc.TestImportDsc" name="test_import_30_filters" time="0.674"></testcase><testcase classname="tests.component.deb.test_import_dsc.TestImportDsc" name="test_import_30_pristine_tar" time="4.030"></testcase><testcase classname="tests.component.deb.test_import_dsc.TestImportDsc" name="test_import_debian_native" time="1.236"></testcase><testcase classname="tests.component.deb.test_import_dsc.TestImportDsc" name="test_import_environ" time="0.500"></testcase><testcase classname="tests.component.deb.test_import_dsc.TestImportDsc" name="test_import_signature" time="4.037"></testcase><testcase classname="tests.component.deb.test_import_dsc.TestImportDsc" name="test_target_dir" time="0.653"></testcase><testcase classname="tests.component.deb.test_import_dsc.TestImportDsc" name="test_upstream_branch_is_master" time="0.677"></testcase><testcase classname="tests.component.deb.test_import_dscs.TestImportDscs" name="test_import_debian_native" time="0.805"></testcase><testcase classname="tests.component.deb.test_import_orig.TestImportOrig" name="test_download" time="0.000"><skipped type="unittest.case.SkipTest" message="network tests disabled"><![CDATA[Exception: network tests disabled
]]></skipped></testcase><testcase classname="tests.component.deb.test_import_orig.TestImportOrig" name="test_filter_unpacked_dir" time="6.748"></testcase><testcase classname="tests.component.deb.test_import_orig.TestImportOrig" name="test_filter_unpacked_dir_with_postunpack_changes" time="6.813"></testcase><testcase classname="tests.component.deb.test_import_orig.TestImportOrig" name="test_filter_with_component_tarballs" time="7.014"></testcase><testcase classname="tests.component.deb.test_import_orig.TestImportOrig" name="test_filter_with_component_tarballs_and_postunpack_changes" time="7.141"></testcase><testcase classname="tests.component.deb.test_import_orig.TestImportOrig" name="test_filter_with_orig_tarball" time="6.830"></testcase><testcase classname="tests.component.deb.test_import_orig.TestImportOrig" name="test_filter_with_orig_tarball_and_postunpack_changes" time="6.696"></testcase><testcase classname="tests.component.deb.test_import_orig.TestImportOrig" name="test_import_in_submodule" time="4.050"></testcase><testcase classname="tests.component.deb.test_import_orig.TestImportOrig" name="test_initial_import" time="3.206"></testcase><testcase classname="tests.component.deb.test_import_orig.TestImportOrig" name="test_initial_import_fail_create_debian_branch" time="3.114"></testcase><testcase classname="tests.component.deb.test_import_orig.TestImportOrig" name="test_initial_import_fail_create_upstream_tag" time="0.299"></testcase><testcase classname="tests.component.deb.test_import_orig.TestImportOrig" name="test_postunpack_changes_with_orig_tarball" time="6.732"></testcase><testcase classname="tests.component.deb.test_import_orig.TestImportOrig" name="test_postunpack_env_vars" time="3.761"></testcase><testcase classname="tests.component.deb.test_import_orig.TestImportOrig" name="test_tag_exists" time="3.300"></testcase><testcase classname="tests.component.deb.test_import_orig.TestImportOrig" name="test_update" time="7.312"></testcase><testcase classname="tests.component.deb.test_import_orig.TestImportOrig" name="test_update_component_tarballs" time="12.569"></testcase><testcase classname="tests.component.deb.test_import_orig.TestImportOrig" name="test_update_fail_create_upstream_tag" time="7.187"></testcase><testcase classname="tests.component.deb.test_import_orig.TestImportOrig" name="test_update_fail_merge" time="7.099"></testcase><testcase classname="tests.component.deb.test_import_orig.TestImportOrig" name="test_with_auto_signaturefile" time="3.694"></testcase><testcase classname="tests.component.deb.test_import_orig.TestImportOrig" name="test_with_signaturefile" time="3.705"></testcase><testcase classname="tests.component.deb.test_import_ref.TestImportRef" name="test_from_branch" time="3.754"></testcase><testcase classname="tests.component.deb.test_import_ref.TestImportRef" name="test_from_committish" time="3.614"></testcase><testcase classname="tests.component.deb.test_import_ref.TestImportRef" name="test_from_version" time="3.570"></testcase><testcase classname="tests.component.deb.test_pq.TestPq" name="test_empty_cycle" time="1.077"><system-err><![CDATA[?[KSuccessfully rebased and updated refs/heads/patch-queue/master.
]]></system-err></testcase><testcase classname="tests.component.deb.test_pq.TestPq" name="test_import" time="1.837"></testcase><testcase classname="tests.component.deb.test_pq.TestPq" name="test_import_poor_dep3_behaviour" time="1.699"></testcase><testcase classname="tests.component.deb.test_pq.TestPq" name="test_rebase_import" time="0.878"><system-err><![CDATA[?[KSuccessfully rebased and updated refs/heads/patch-queue/master.
]]></system-err></testcase><testcase classname="tests.component.deb.test_pq.TestPq" name="test_rename" time="0.923"></testcase><testcase classname="tests.component.deb.test_pq.TestPq" name="test_switch_import" time="0.814"></testcase><testcase classname="tests.component.deb.test_pristine_tar.TestPristineTar" name="test_run" time="3.537"></testcase><testcase classname="tests.component.deb.test_pristine_tar.TestPristineTar" name="test_run_component_tarball" time="4.302"></testcase><testcase classname="tests.component.deb.test_pull.TestPull" name="test_pull_all" time="1.533"></testcase><testcase classname="tests.component.deb.test_pull.TestPull" name="test_pull_default_remote" time="0.650"></testcase><testcase classname="tests.component.deb.test_pull.TestPull" name="test_pull_explicit_remote" time="0.633"></testcase><testcase classname="tests.component.deb.test_pull.TestPull" name="test_tracking" time="1.063"></testcase><testcase classname="tests.component.deb.test_push.TestPush" name="test_dont_push_unreleased" time="1.493"></testcase><testcase classname="tests.component.deb.test_push.TestPush" name="test_not_debian_branch" time="0.751"></testcase><testcase classname="tests.component.deb.test_push.TestPush" name="test_push_detached_head" time="4.588"></testcase><testcase classname="tests.component.deb.test_push.TestPush" name="test_push_failure" time="1.588"></testcase><testcase classname="tests.component.deb.test_push.TestPush" name="test_push_native" time="0.651"></testcase><testcase classname="tests.component.deb.test_push.TestPush" name="test_push_not_origin" time="1.350"></testcase><testcase classname="tests.component.deb.test_push.TestPush" name="test_push_not_origin_detect" time="1.441"></testcase><testcase classname="tests.component.deb.test_push.TestPush" name="test_push_pristine_tar" time="4.686"></testcase><testcase classname="tests.component.deb.test_push.TestPush" name="test_push_skip_upstream" time="1.216"></testcase><testcase classname="tests.component.deb.test_push.TestPush" name="test_push_tag_ne_branch" time="0.649"></testcase><testcase classname="tests.component.deb.test_push.TestPush" name="test_push_upstream" time="1.408"></testcase><testcase classname="tests.component.deb.test_tag.TestTag" name="test_tag" time="0.577"></testcase><testcase classname="tests.component.deb.test_tag.TestTag" name="test_tag_detached_head" time="0.965"></testcase><testcase classname="tests.component.deb.test_tag.TestTag" name="test_tag_pq_branch" time="1.242"></testcase><testcase classname="tests.component.rpm.test_buildpackage_rpm.TestGbpRpm" name="test_builddir_options" time="0.287"><system-out><![CDATA[Building target platforms: noarch
Building for target noarch
Executing(%prep): /bin/sh -e /var/tmp/rpm-tmp.ws2XUl
Archive:  /var/scratch/src/git-buildpackage/git-buildpackage/gbp_TestGbpRpm_psucmbio/tmp_test_builddir_options_ue4aqbry/foo/source/gbp-test-native-1.0.zip
66d8d14f6112eb144f4dbd877b07d64a33a14e33
   creating: gbp-test-native-1.0/
  inflating: gbp-test-native-1.0/.gbp.conf  
 extracting: gbp-test-native-1.0/Makefile  
 extracting: gbp-test-native-1.0/README  
 extracting: gbp-test-native-1.0/dummy.sh  
   creating: gbp-test-native-1.0/packaging/
  inflating: gbp-test-native-1.0/packaging/gbp-test-native.changes  
  inflating: gbp-test-native-1.0/packaging/gbp-test-native.spec  
Executing(%build): /bin/sh -e /var/tmp/rpm-tmp.KwHYvn
make[3]: Entering directory '/var/scratch/src/git-buildpackage/git-buildpackage/gbp_TestGbpRpm_psucmbio/tmp_test_builddir_options_ue4aqbry/foo/BUILD/gbp-test-native-1.0'
Ready!
make[3]: Leaving directory '/var/scratch/src/git-buildpackage/git-buildpackage/gbp_TestGbpRpm_psucmbio/tmp_test_builddir_options_ue4aqbry/foo/BUILD/gbp-test-native-1.0'
Executing(%install): /bin/sh -e /var/tmp/rpm-tmp.mlbaqm
Processing files: gbp-test-native-1.0-1.noarch
Provides: gbp-test-native = 1.0-1
Requires(rpmlib): rpmlib(CompressedFileNames) <= 3.0.4-1 rpmlib(FileDigests) <= 4.6.0-1 rpmlib(PayloadFilesHavePrefix) <= 4.0-1
Requires: /bin/sh
Checking for unpackaged file(s): /usr/lib/rpm/check-files /var/scratch/src/git-buildpackage/git-buildpackage/gbp_TestGbpRpm_psucmbio/tmp_test_builddir_options_ue4aqbry/foo/BUILDROOT/gbp-test-native-1.0-1.noarch
Wrote: /var/scratch/src/git-buildpackage/git-buildpackage/gbp_TestGbpRpm_psucmbio/tmp_test_builddir_options_ue4aqbry/foo/SRPMS/gbp-test-native-1.0-1.src.rpm
Wrote: /var/scratch/src/git-buildpackage/git-buildpackage/gbp_TestGbpRpm_psucmbio/tmp_test_builddir_options_ue4aqbry/foo/RPMS/noarch/gbp-test-native-1.0-1.noarch.rpm
Executing(%clean): /bin/sh -e /var/tmp/rpm-tmp.f4BSVm
Executing(--clean): /bin/sh -e /var/tmp/rpm-tmp.En99Sn
]]></system-out></testcase><testcase classname="tests.component.rpm.test_buildpackage_rpm.TestGbpRpm" name="test_export_failure" time="0.450"></testcase><testcase classname="tests.component.rpm.test_buildpackage_rpm.TestGbpRpm" name="test_hook_options" time="1.078"><system-out><![CDATA[Building target platforms: noarch
Building for target noarch
Executing(%prep): /bin/sh -e /var/tmp/rpm-tmp.6DNPl3
Archive:  /var/scratch/src/git-buildpackage/git-buildpackage/gbp_TestGbpRpm_psucmbio/tmp_test_hook_options_1b08b2r_/rpmbuild/SOURCES/gbp-test-native-1.0.zip
66d8d14f6112eb144f4dbd877b07d64a33a14e33
   creating: gbp-test-native-1.0/
  inflating: gbp-test-native-1.0/.gbp.conf  
 extracting: gbp-test-native-1.0/Makefile  
 extracting: gbp-test-native-1.0/README  
 extracting: gbp-test-native-1.0/dummy.sh  
   creating: gbp-test-native-1.0/packaging/
  inflating: gbp-test-native-1.0/packaging/gbp-test-native.changes  
  inflating: gbp-test-native-1.0/packaging/gbp-test-native.spec  
Executing(%build): /bin/sh -e /var/tmp/rpm-tmp.To5IN4
make[3]: Entering directory '/var/scratch/src/git-buildpackage/git-buildpackage/gbp_TestGbpRpm_psucmbio/tmp_test_hook_options_1b08b2r_/rpmbuild/BUILD/gbp-test-native-1.0'
Ready!
make[3]: Leaving directory '/var/scratch/src/git-buildpackage/git-buildpackage/gbp_TestGbpRpm_psucmbio/tmp_test_hook_options_1b08b2r_/rpmbuild/BUILD/gbp-test-native-1.0'
Executing(%install): /bin/sh -e /var/tmp/rpm-tmp.x7mVE4
Processing files: gbp-test-native-1.0-1.noarch
Provides: gbp-test-native = 1.0-1
Requires(rpmlib): rpmlib(CompressedFileNames) <= 3.0.4-1 rpmlib(FileDigests) <= 4.6.0-1 rpmlib(PayloadFilesHavePrefix) <= 4.0-1
Requires: /bin/sh
Checking for unpackaged file(s): /usr/lib/rpm/check-files /var/scratch/src/git-buildpackage/git-buildpackage/gbp_TestGbpRpm_psucmbio/tmp_test_hook_options_1b08b2r_/rpmbuild/BUILDROOT/gbp-test-native-1.0-1.noarch
Wrote: /var/scratch/src/git-buildpackage/git-buildpackage/gbp_TestGbpRpm_psucmbio/tmp_test_hook_options_1b08b2r_/rpmbuild/SRPMS/gbp-test-native-1.0-1.src.rpm
Wrote: /var/scratch/src/git-buildpackage/git-buildpackage/gbp_TestGbpRpm_psucmbio/tmp_test_hook_options_1b08b2r_/rpmbuild/RPMS/noarch/gbp-test-native-1.0-1.noarch.rpm
Executing(%clean): /bin/sh -e /var/tmp/rpm-tmp.ISIT34
Executing(--clean): /bin/sh -e /var/tmp/rpm-tmp.wMXJ84
Building target platforms: noarch
Building for target noarch
Executing(%prep): /bin/sh -e /var/tmp/rpm-tmp.Hmk66b
Archive:  /var/scratch/src/git-buildpackage/git-buildpackage/gbp_TestGbpRpm_psucmbio/tmp_test_hook_options_1b08b2r_/rpmbuild/SOURCES/gbp-test-native-1.0.zip
66d8d14f6112eb144f4dbd877b07d64a33a14e33
   creating: gbp-test-native-1.0/
  inflating: gbp-test-native-1.0/.gbp.conf  
 extracting: gbp-test-native-1.0/Makefile  
 extracting: gbp-test-native-1.0/README  
 extracting: gbp-test-native-1.0/dummy.sh  
   creating: gbp-test-native-1.0/packaging/
  inflating: gbp-test-native-1.0/packaging/gbp-test-native.changes  
  inflating: gbp-test-native-1.0/packaging/gbp-test-native.spec  
Executing(%build): /bin/sh -e /var/tmp/rpm-tmp.KF8rL8
make[3]: Entering directory '/var/scratch/src/git-buildpackage/git-buildpackage/gbp_TestGbpRpm_psucmbio/tmp_test_hook_options_1b08b2r_/rpmbuild/BUILD/gbp-test-native-1.0'
Ready!
make[3]: Leaving directory '/var/scratch/src/git-buildpackage/git-buildpackage/gbp_TestGbpRpm_psucmbio/tmp_test_hook_options_1b08b2r_/rpmbuild/BUILD/gbp-test-native-1.0'
Executing(%install): /bin/sh -e /var/tmp/rpm-tmp.bH5D8b
Processing files: gbp-test-native-1.0-1.noarch
Provides: gbp-test-native = 1.0-1
Requires(rpmlib): rpmlib(CompressedFileNames) <= 3.0.4-1 rpmlib(FileDigests) <= 4.6.0-1 rpmlib(PayloadFilesHavePrefix) <= 4.0-1
Requires: /bin/sh
Checking for unpackaged file(s): /usr/lib/rpm/check-files /var/scratch/src/git-buildpackage/git-buildpackage/gbp_TestGbpRpm_psucmbio/tmp_test_hook_options_1b08b2r_/rpmbuild/BUILDROOT/gbp-test-native-1.0-1.noarch
Wrote: /var/scratch/src/git-buildpackage/git-buildpackage/gbp_TestGbpRpm_psucmbio/tmp_test_hook_options_1b08b2r_/rpmbuild/SRPMS/gbp-test-native-1.0-1.src.rpm
Wrote: /var/scratch/src/git-buildpackage/git-buildpackage/gbp_TestGbpRpm_psucmbio/tmp_test_hook_options_1b08b2r_/rpmbuild/RPMS/noarch/gbp-test-native-1.0-1.noarch.rpm
Executing(%clean): /bin/sh -e /var/tmp/rpm-tmp.2GbJMa
Executing(--clean): /bin/sh -e /var/tmp/rpm-tmp.t0IDAa
Building target platforms: noarch
Building for target noarch
Executing(%prep): /bin/sh -e /var/tmp/rpm-tmp.ZjJr1g
Archive:  /var/scratch/src/git-buildpackage/git-buildpackage/gbp_TestGbpRpm_psucmbio/tmp_test_hook_options_1b08b2r_/rpmbuild/SOURCES/gbp-test-native-1.0.zip
66d8d14f6112eb144f4dbd877b07d64a33a14e33
   creating: gbp-test-native-1.0/
  inflating: gbp-test-native-1.0/.gbp.conf  
 extracting: gbp-test-native-1.0/Makefile  
 extracting: gbp-test-native-1.0/README  
 extracting: gbp-test-native-1.0/dummy.sh  
   creating: gbp-test-native-1.0/packaging/
  inflating: gbp-test-native-1.0/packaging/gbp-test-native.changes  
  inflating: gbp-test-native-1.0/packaging/gbp-test-native.spec  
Executing(%build): /bin/sh -e /var/tmp/rpm-tmp.p0tS5f
make[3]: Entering directory '/var/scratch/src/git-buildpackage/git-buildpackage/gbp_TestGbpRpm_psucmbio/tmp_test_hook_options_1b08b2r_/rpmbuild/BUILD/gbp-test-native-1.0'
Ready!
make[3]: Leaving directory '/var/scratch/src/git-buildpackage/git-buildpackage/gbp_TestGbpRpm_psucmbio/tmp_test_hook_options_1b08b2r_/rpmbuild/BUILD/gbp-test-native-1.0'
Executing(%install): /bin/sh -e /var/tmp/rpm-tmp.CjBFYg
Processing files: gbp-test-native-1.0-1.noarch
Provides: gbp-test-native = 1.0-1
Requires(rpmlib): rpmlib(CompressedFileNames) <= 3.0.4-1 rpmlib(FileDigests) <= 4.6.0-1 rpmlib(PayloadFilesHavePrefix) <= 4.0-1
Requires: /bin/sh
Checking for unpackaged file(s): /usr/lib/rpm/check-files /var/scratch/src/git-buildpackage/git-buildpackage/gbp_TestGbpRpm_psucmbio/tmp_test_hook_options_1b08b2r_/rpmbuild/BUILDROOT/gbp-test-native-1.0-1.noarch
Wrote: /var/scratch/src/git-buildpackage/git-buildpackage/gbp_TestGbpRpm_psucmbio/tmp_test_hook_options_1b08b2r_/rpmbuild/SRPMS/gbp-test-native-1.0-1.src.rpm
Wrote: /var/scratch/src/git-buildpackage/git-buildpackage/gbp_TestGbpRpm_psucmbio/tmp_test_hook_options_1b08b2r_/rpmbuild/RPMS/noarch/gbp-test-native-1.0-1.noarch.rpm
Executing(%clean): /bin/sh -e /var/tmp/rpm-tmp.cEEnrh
Executing(--clean): /bin/sh -e /var/tmp/rpm-tmp.fkoyPh
]]></system-out></testcase><testcase classname="tests.component.rpm.test_buildpackage_rpm.TestGbpRpm" name="test_invalid_args" time="0.046"></testcase><testcase classname="tests.component.rpm.test_buildpackage_rpm.TestGbpRpm" name="test_native_build" time="0.545"><system-out><![CDATA[Building target platforms: noarch
Building for target noarch
Executing(%prep): /bin/sh -e /var/tmp/rpm-tmp.dyJjCU
Archive:  /var/scratch/src/git-buildpackage/git-buildpackage/gbp_TestGbpRpm_psucmbio/tmp_test_native_build_rho_eq4p/rpmbuild/SOURCES/gbp-test-native-1.0.zip
66d8d14f6112eb144f4dbd877b07d64a33a14e33
   creating: gbp-test-native-1.0/
  inflating: gbp-test-native-1.0/.gbp.conf  
 extracting: gbp-test-native-1.0/Makefile  
 extracting: gbp-test-native-1.0/README  
 extracting: gbp-test-native-1.0/dummy.sh  
   creating: gbp-test-native-1.0/packaging/
  inflating: gbp-test-native-1.0/packaging/gbp-test-native.changes  
  inflating: gbp-test-native-1.0/packaging/gbp-test-native.spec  
Executing(%build): /bin/sh -e /var/tmp/rpm-tmp.hD5UOR
make[3]: Entering directory '/var/scratch/src/git-buildpackage/git-buildpackage/gbp_TestGbpRpm_psucmbio/tmp_test_native_build_rho_eq4p/rpmbuild/BUILD/gbp-test-native-1.0'
Ready!
make[3]: Leaving directory '/var/scratch/src/git-buildpackage/git-buildpackage/gbp_TestGbpRpm_psucmbio/tmp_test_native_build_rho_eq4p/rpmbuild/BUILD/gbp-test-native-1.0'
Executing(%install): /bin/sh -e /var/tmp/rpm-tmp.ZielQR
Processing files: gbp-test-native-1.0-1.noarch
Provides: gbp-test-native = 1.0-1
Requires(rpmlib): rpmlib(CompressedFileNames) <= 3.0.4-1 rpmlib(FileDigests) <= 4.6.0-1 rpmlib(PayloadFilesHavePrefix) <= 4.0-1
Requires: /bin/sh
Checking for unpackaged file(s): /usr/lib/rpm/check-files /var/scratch/src/git-buildpackage/git-buildpackage/gbp_TestGbpRpm_psucmbio/tmp_test_native_build_rho_eq4p/rpmbuild/BUILDROOT/gbp-test-native-1.0-1.noarch
Wrote: /var/scratch/src/git-buildpackage/git-buildpackage/gbp_TestGbpRpm_psucmbio/tmp_test_native_build_rho_eq4p/rpmbuild/SRPMS/gbp-test-native-1.0-1.src.rpm
Wrote: /var/scratch/src/git-buildpackage/git-buildpackage/gbp_TestGbpRpm_psucmbio/tmp_test_native_build_rho_eq4p/rpmbuild/RPMS/noarch/gbp-test-native-1.0-1.noarch.rpm
Executing(%clean): /bin/sh -e /var/tmp/rpm-tmp.CEub2S
Executing(--clean): /bin/sh -e /var/tmp/rpm-tmp.EBSmBQ
]]></system-out></testcase><testcase classname="tests.component.rpm.test_buildpackage_rpm.TestGbpRpm" name="test_native_build2" time="0.446"><system-out><![CDATA[Building target platforms: noarch
Building for target noarch
Executing(%prep): /bin/sh -e /var/tmp/rpm-tmp.KkZRJg
Executing(%build): /bin/sh -e /var/tmp/rpm-tmp.ZAgQYh
Executing(%install): /bin/sh -e /var/tmp/rpm-tmp.rsKNsh
Processing files: gbp-test-native2-2.0-0.noarch
Provides: gbp-test-native2 = 2.0-0
Requires(rpmlib): rpmlib(CompressedFileNames) <= 3.0.4-1 rpmlib(FileDigests) <= 4.6.0-1 rpmlib(PayloadFilesHavePrefix) <= 4.0-1
Checking for unpackaged file(s): /usr/lib/rpm/check-files /var/scratch/src/git-buildpackage/git-buildpackage/gbp_TestGbpRpm_psucmbio/tmp_test_native_build2_k6iwv8yt/rpmbuild/BUILDROOT/gbp-test-native2-2.0-0.noarch
Wrote: /var/scratch/src/git-buildpackage/git-buildpackage/gbp_TestGbpRpm_psucmbio/tmp_test_native_build2_k6iwv8yt/rpmbuild/SRPMS/gbp-test-native2-2.0-0.src.rpm
Wrote: /var/scratch/src/git-buildpackage/git-buildpackage/gbp_TestGbpRpm_psucmbio/tmp_test_native_build2_k6iwv8yt/rpmbuild/RPMS/noarch/gbp-test-native2-2.0-0.noarch.rpm
Executing(%clean): /bin/sh -e /var/tmp/rpm-tmp.roSeDg
Executing(--clean): /bin/sh -e /var/tmp/rpm-tmp.6wYO3i
]]></system-out></testcase><testcase classname="tests.component.rpm.test_buildpackage_rpm.TestGbpRpm" name="test_non_native_build" time="0.880"><system-out><![CDATA[Building target platforms: noarch
Building for target noarch
Executing(%prep): /bin/sh -e /var/tmp/rpm-tmp.7k5bNe
drwxrwxr-x root/root         0 2012-11-07 08:15 gbp-test/
-rw-rw-r-- root/root        21 2012-11-07 08:15 gbp-test/Makefile
-rw-rw-r-- root/root        48 2012-11-07 08:15 gbp-test/README
-rwxrwxr-x root/root        30 2012-11-07 08:15 gbp-test/dummy.sh
-rw-r--r-- marquiz/users    56 2012-10-30 09:55 bar.txt
Patch #0 (my.patch):
patching file dummy.sh
Patch #1 (my-gz.patch.gz):
patching file AUTHORS
Patch #2 (my-bzip2.patch.bz2):
patching file NEWS
Patch #10 (my2.patch):
patching file mydir/myfile.txt
Executing(%build): /bin/sh -e /var/tmp/rpm-tmp.UpIPHa
make[3]: Entering directory '/var/scratch/src/git-buildpackage/git-buildpackage/gbp_TestGbpRpm_psucmbio/tmp_test_non_native_build_wf599skr/rpmbuild/BUILD/gbp-test'
Ready!
make[3]: Leaving directory '/var/scratch/src/git-buildpackage/git-buildpackage/gbp_TestGbpRpm_psucmbio/tmp_test_non_native_build_wf599skr/rpmbuild/BUILD/gbp-test'
Executing(%install): /bin/sh -e /var/tmp/rpm-tmp.1xrxBa
Processing files: gbp-test-1.1-2.noarch
Provides: gbp-test = 1.1-2
Requires(rpmlib): rpmlib(CompressedFileNames) <= 3.0.4-1 rpmlib(FileDigests) <= 4.6.0-1 rpmlib(PayloadFilesHavePrefix) <= 4.0-1
Requires: /bin/sh
Checking for unpackaged file(s): /usr/lib/rpm/check-files /var/scratch/src/git-buildpackage/git-buildpackage/gbp_TestGbpRpm_psucmbio/tmp_test_non_native_build_wf599skr/rpmbuild/BUILDROOT/gbp-test-1.1-2.noarch
Wrote: /var/scratch/src/git-buildpackage/git-buildpackage/gbp_TestGbpRpm_psucmbio/tmp_test_non_native_build_wf599skr/rpmbuild/SRPMS/gbp-test-1.1-2.src.rpm
Wrote: /var/scratch/src/git-buildpackage/git-buildpackage/gbp_TestGbpRpm_psucmbio/tmp_test_non_native_build_wf599skr/rpmbuild/RPMS/noarch/gbp-test-1.1-2.noarch.rpm
Executing(%clean): /bin/sh -e /var/tmp/rpm-tmp.dtse6b
Executing(--clean): /bin/sh -e /var/tmp/rpm-tmp.D49LQd
Building target platforms: noarch
Building for target noarch
Executing(%prep): /bin/sh -e /var/tmp/rpm-tmp.WWLZlP
drwxrwxr-x root/root         0 2012-11-07 08:15 gbp-test/
-rw-rw-r-- root/root        21 2012-11-07 08:15 gbp-test/Makefile
-rw-rw-r-- root/root        48 2012-11-07 08:15 gbp-test/README
-rwxrwxr-x root/root        30 2012-11-07 08:15 gbp-test/dummy.sh
-rw-r--r-- marquiz/users    56 2012-10-30 09:55 bar.txt
Patch #0 (my.patch):
patching file dummy.sh
Patch #1 (my-gz.patch.gz):
patching file AUTHORS
Patch #2 (my-bzip2.patch.bz2):
patching file NEWS
Patch #10 (my2.patch):
patching file mydir/myfile.txt
Executing(%build): /bin/sh -e /var/tmp/rpm-tmp.J11KMO
make[3]: Entering directory '/var/scratch/src/git-buildpackage/git-buildpackage/gbp_TestGbpRpm_psucmbio/tmp_test_non_native_build_wf599skr/rpmbuild/BUILD/gbp-test'
Ready!
make[3]: Leaving directory '/var/scratch/src/git-buildpackage/git-buildpackage/gbp_TestGbpRpm_psucmbio/tmp_test_non_native_build_wf599skr/rpmbuild/BUILD/gbp-test'
Executing(%install): /bin/sh -e /var/tmp/rpm-tmp.5O9IlO
Processing files: gbp-test-1.1-2.noarch
Provides: gbp-test = 1.1-2
Requires(rpmlib): rpmlib(CompressedFileNames) <= 3.0.4-1 rpmlib(FileDigests) <= 4.6.0-1 rpmlib(PayloadFilesHavePrefix) <= 4.0-1
Requires: /bin/sh
Checking for unpackaged file(s): /usr/lib/rpm/check-files /var/scratch/src/git-buildpackage/git-buildpackage/gbp_TestGbpRpm_psucmbio/tmp_test_non_native_build_wf599skr/rpmbuild/BUILDROOT/gbp-test-1.1-2.noarch
Wrote: /var/scratch/src/git-buildpackage/git-buildpackage/gbp_TestGbpRpm_psucmbio/tmp_test_non_native_build_wf599skr/rpmbuild/SRPMS/gbp-test-1.1-2.src.rpm
Wrote: /var/scratch/src/git-buildpackage/git-buildpackage/gbp_TestGbpRpm_psucmbio/tmp_test_non_native_build_wf599skr/rpmbuild/RPMS/noarch/gbp-test-1.1-2.noarch.rpm
Executing(%clean): /bin/sh -e /var/tmp/rpm-tmp.ix3WlP
Executing(--clean): /bin/sh -e /var/tmp/rpm-tmp.X7ShDP
]]></system-out></testcase><testcase classname="tests.component.rpm.test_buildpackage_rpm.TestGbpRpm" name="test_option_builder" time="0.840"></testcase><testcase classname="tests.component.rpm.test_buildpackage_rpm.TestGbpRpm" name="test_option_cleaner" time="0.471"><system-out><![CDATA[Building target platforms: noarch
Building for target noarch
Executing(%prep): /bin/sh -e /var/tmp/rpm-tmp.cTybhs
Archive:  /var/scratch/src/git-buildpackage/git-buildpackage/gbp_TestGbpRpm_psucmbio/tmp_test_option_cleaner_bbuk_373/rpmbuild/SOURCES/gbp-test-native-1.0.zip
66d8d14f6112eb144f4dbd877b07d64a33a14e33
   creating: gbp-test-native-1.0/
  inflating: gbp-test-native-1.0/.gbp.conf  
 extracting: gbp-test-native-1.0/Makefile  
 extracting: gbp-test-native-1.0/README  
 extracting: gbp-test-native-1.0/dummy.sh  
   creating: gbp-test-native-1.0/packaging/
  inflating: gbp-test-native-1.0/packaging/gbp-test-native.changes  
  inflating: gbp-test-native-1.0/packaging/gbp-test-native.spec  
Executing(%build): /bin/sh -e /var/tmp/rpm-tmp.OKG8Cs
make[3]: Entering directory '/var/scratch/src/git-buildpackage/git-buildpackage/gbp_TestGbpRpm_psucmbio/tmp_test_option_cleaner_bbuk_373/rpmbuild/BUILD/gbp-test-native-1.0'
Ready!
make[3]: Leaving directory '/var/scratch/src/git-buildpackage/git-buildpackage/gbp_TestGbpRpm_psucmbio/tmp_test_option_cleaner_bbuk_373/rpmbuild/BUILD/gbp-test-native-1.0'
Executing(%install): /bin/sh -e /var/tmp/rpm-tmp.VzD1Oq
Processing files: gbp-test-native-1.0-1.noarch
Provides: gbp-test-native = 1.0-1
Requires(rpmlib): rpmlib(CompressedFileNames) <= 3.0.4-1 rpmlib(FileDigests) <= 4.6.0-1 rpmlib(PayloadFilesHavePrefix) <= 4.0-1
Requires: /bin/sh
Checking for unpackaged file(s): /usr/lib/rpm/check-files /var/scratch/src/git-buildpackage/git-buildpackage/gbp_TestGbpRpm_psucmbio/tmp_test_option_cleaner_bbuk_373/rpmbuild/BUILDROOT/gbp-test-native-1.0-1.noarch
Wrote: /var/scratch/src/git-buildpackage/git-buildpackage/gbp_TestGbpRpm_psucmbio/tmp_test_option_cleaner_bbuk_373/rpmbuild/SRPMS/gbp-test-native-1.0-1.src.rpm
Wrote: /var/scratch/src/git-buildpackage/git-buildpackage/gbp_TestGbpRpm_psucmbio/tmp_test_option_cleaner_bbuk_373/rpmbuild/RPMS/noarch/gbp-test-native-1.0-1.noarch.rpm
Executing(%clean): /bin/sh -e /var/tmp/rpm-tmp.MQ9CUt
Executing(--clean): /bin/sh -e /var/tmp/rpm-tmp.wUhBSq
]]></system-out></testcase><testcase classname="tests.component.rpm.test_buildpackage_rpm.TestGbpRpm" name="test_option_export" time="0.871"><system-out><![CDATA[Building target platforms: noarch
Building for target noarch
Executing(%prep): /bin/sh -e /var/tmp/rpm-tmp.t7Y2qC
drwxrwxr-x root/root         0 2012-11-07 08:13 gbp-test/
-rw-rw-r-- root/root        21 2012-11-07 08:13 gbp-test/Makefile
-rw-rw-r-- root/root        35 2012-11-07 08:13 gbp-test/README
-rwxrwxr-x root/root        30 2012-11-07 08:13 gbp-test/dummy.sh
-rw-r--r-- marquiz/users    56 2012-10-30 09:55 bar.txt
Patch #0 (my.patch):
patching file dummy.sh
Patch #10 (my2.patch):
patching file mydir/myfile.txt
Executing(%build): /bin/sh -e /var/tmp/rpm-tmp.57POFC
make[3]: Entering directory '/var/scratch/src/git-buildpackage/git-buildpackage/gbp_TestGbpRpm_psucmbio/tmp_test_option_export_qqic0tdv/rpmbuild/BUILD/gbp-test'
Ready!
make[3]: Leaving directory '/var/scratch/src/git-buildpackage/git-buildpackage/gbp_TestGbpRpm_psucmbio/tmp_test_option_export_qqic0tdv/rpmbuild/BUILD/gbp-test'
Executing(%install): /bin/sh -e /var/tmp/rpm-tmp.8S7fFA
Processing files: gbp-test-1.0-1.noarch
Provides: gbp-test = 1.0-1
Requires(rpmlib): rpmlib(CompressedFileNames) <= 3.0.4-1 rpmlib(FileDigests) <= 4.6.0-1 rpmlib(PayloadFilesHavePrefix) <= 4.0-1
Requires: /bin/sh
Checking for unpackaged file(s): /usr/lib/rpm/check-files /var/scratch/src/git-buildpackage/git-buildpackage/gbp_TestGbpRpm_psucmbio/tmp_test_option_export_qqic0tdv/rpmbuild/BUILDROOT/gbp-test-1.0-1.noarch
Wrote: /var/scratch/src/git-buildpackage/git-buildpackage/gbp_TestGbpRpm_psucmbio/tmp_test_option_export_qqic0tdv/rpmbuild/SRPMS/gbp-test-1.0-1.src.rpm
Wrote: /var/scratch/src/git-buildpackage/git-buildpackage/gbp_TestGbpRpm_psucmbio/tmp_test_option_export_qqic0tdv/rpmbuild/RPMS/noarch/gbp-test-1.0-1.noarch.rpm
Executing(%clean): /bin/sh -e /var/tmp/rpm-tmp.6PV8tC
Executing(--clean): /bin/sh -e /var/tmp/rpm-tmp.FxtzKA
]]></system-out></testcase><testcase classname="tests.component.rpm.test_buildpackage_rpm.TestGbpRpm" name="test_option_native" time="0.683"><system-out><![CDATA[Building target platforms: noarch
Building for target noarch
Executing(%prep): /bin/sh -e /var/tmp/rpm-tmp.wKcy2z
drwxrwxr-x root/root         0 2012-11-13 12:31 /
-rw-rw-r-- root/root        27 2012-11-13 12:31 /Makefile
-rw-rw-r-- root/root        40 2012-11-13 12:31 /README
-rwxrwxr-x root/root        34 2012-11-13 12:31 /dummy.sh
Patch #0 (my.patch):
patching file dummy.sh
Do things
Executing(%build): /bin/sh -e /var/tmp/rpm-tmp.Gq3ITy
make[3]: Entering directory '/var/scratch/src/git-buildpackage/git-buildpackage/gbp_TestGbpRpm_psucmbio/tmp_test_option_native_op5s2drq/rpmbuild/BUILD/gbp-test2-2.0'
Ready (2.0)!
make[3]: Leaving directory '/var/scratch/src/git-buildpackage/git-buildpackage/gbp_TestGbpRpm_psucmbio/tmp_test_option_native_op5s2drq/rpmbuild/BUILD/gbp-test2-2.0'
Executing(%install): /bin/sh -e /var/tmp/rpm-tmp.alLaQx
Processing files: gbp-test2-2.0-1.noarch
Provides: gbp-test2 = 1:2.0-1
Requires(rpmlib): rpmlib(CompressedFileNames) <= 3.0.4-1 rpmlib(FileDigests) <= 4.6.0-1 rpmlib(PayloadFilesHavePrefix) <= 4.0-1
Requires: /bin/sh
Checking for unpackaged file(s): /usr/lib/rpm/check-files /var/scratch/src/git-buildpackage/git-buildpackage/gbp_TestGbpRpm_psucmbio/tmp_test_option_native_op5s2drq/rpmbuild/BUILDROOT/gbp-test2-2.0-1.noarch
Wrote: /var/scratch/src/git-buildpackage/git-buildpackage/gbp_TestGbpRpm_psucmbio/tmp_test_option_native_op5s2drq/rpmbuild/SRPMS/gbp-test2-2.0-1.src.rpm
Wrote: /var/scratch/src/git-buildpackage/git-buildpackage/gbp_TestGbpRpm_psucmbio/tmp_test_option_native_op5s2drq/rpmbuild/RPMS/noarch/gbp-test2-2.0-1.noarch.rpm
Executing(%clean): /bin/sh -e /var/tmp/rpm-tmp.Tr8poB
Executing(--clean): /bin/sh -e /var/tmp/rpm-tmp.T5sJqy
Building target platforms: noarch
Building for target noarch
Executing(%prep): /bin/sh -e /var/tmp/rpm-tmp.814KUv
drwxrwxr-x root/root         0 2021-01-31 22:01 /
-rw-rw-r-- root/root       346 2021-01-31 22:01 /.gbp.conf
-rw-rw-r-- root/root        27 2021-01-31 22:01 /Makefile
-rw-rw-r-- root/root        40 2021-01-31 22:01 /README
-rwxrwxr-x root/root        34 2021-01-31 22:01 /dummy.sh
drwxrwxr-x root/root         0 2021-01-31 22:01 /mydir/
-rw-rw-r-- root/root         6 2021-01-31 22:01 /mydir/myfile.txt
drwxrwxr-x root/root         0 2021-01-31 22:01 /packaging/
-rw-rw-r-- root/root       177 2021-01-31 22:01 /packaging/bar.tar.gz
-rw-rw-r-- root/root        56 2021-01-31 22:01 /packaging/foo.txt
-rw-rw-r-- root/root      1005 2021-01-31 22:01 /packaging/gbp-test2-alt.spec
-rw-rw-r-- root/root       904 2021-01-31 22:01 /packaging/gbp-test2.spec
-rw-rw-r-- root/root       164 2021-01-31 22:01 /packaging/my.patch
Patch #0 (my.patch):
patching file dummy.sh
Do things
Executing(%build): /bin/sh -e /var/tmp/rpm-tmp.43e7Rs
make[3]: Entering directory '/var/scratch/src/git-buildpackage/git-buildpackage/gbp_TestGbpRpm_psucmbio/tmp_test_option_native_op5s2drq/rpmbuild/BUILD/gbp-test2-2.0'
Ready (2.0)!
make[3]: Leaving directory '/var/scratch/src/git-buildpackage/git-buildpackage/gbp_TestGbpRpm_psucmbio/tmp_test_option_native_op5s2drq/rpmbuild/BUILD/gbp-test2-2.0'
Executing(%install): /bin/sh -e /var/tmp/rpm-tmp.FERGgu
Processing files: gbp-test2-2.0-1.noarch
Provides: gbp-test2 = 1:2.0-1
Requires(rpmlib): rpmlib(CompressedFileNames) <= 3.0.4-1 rpmlib(FileDigests) <= 4.6.0-1 rpmlib(PayloadFilesHavePrefix) <= 4.0-1
Requires: /bin/sh
Checking for unpackaged file(s): /usr/lib/rpm/check-files /var/scratch/src/git-buildpackage/git-buildpackage/gbp_TestGbpRpm_psucmbio/tmp_test_option_native_op5s2drq/rpmbuild/BUILDROOT/gbp-test2-2.0-1.noarch
Wrote: /var/scratch/src/git-buildpackage/git-buildpackage/gbp_TestGbpRpm_psucmbio/tmp_test_option_native_op5s2drq/rpmbuild/SRPMS/gbp-test2-2.0-1.src.rpm
Wrote: /var/scratch/src/git-buildpackage/git-buildpackage/gbp_TestGbpRpm_psucmbio/tmp_test_option_native_op5s2drq/rpmbuild/RPMS/noarch/gbp-test2-2.0-1.noarch.rpm
Executing(%clean): /bin/sh -e /var/tmp/rpm-tmp.bkoS4v
Executing(--clean): /bin/sh -e /var/tmp/rpm-tmp.Nqaapw
]]></system-out></testcase><testcase classname="tests.component.rpm.test_buildpackage_rpm.TestGbpRpm" name="test_option_notify" time="0.848"><system-out><![CDATA[Building target platforms: noarch
Building for target noarch
Executing(%prep): /bin/sh -e /var/tmp/rpm-tmp.6FM2TO
Archive:  /var/scratch/src/git-buildpackage/git-buildpackage/gbp_TestGbpRpm_psucmbio/tmp_test_option_notify_oupx_26i/rpmbuild/SOURCES/gbp-test-native-1.0.zip
66d8d14f6112eb144f4dbd877b07d64a33a14e33
   creating: gbp-test-native-1.0/
  inflating: gbp-test-native-1.0/.gbp.conf  
 extracting: gbp-test-native-1.0/Makefile  
 extracting: gbp-test-native-1.0/README  
 extracting: gbp-test-native-1.0/dummy.sh  
   creating: gbp-test-native-1.0/packaging/
  inflating: gbp-test-native-1.0/packaging/gbp-test-native.changes  
  inflating: gbp-test-native-1.0/packaging/gbp-test-native.spec  
Executing(%build): /bin/sh -e /var/tmp/rpm-tmp.5MTTsL
make[3]: Entering directory '/var/scratch/src/git-buildpackage/git-buildpackage/gbp_TestGbpRpm_psucmbio/tmp_test_option_notify_oupx_26i/rpmbuild/BUILD/gbp-test-native-1.0'
Ready!
make[3]: Leaving directory '/var/scratch/src/git-buildpackage/git-buildpackage/gbp_TestGbpRpm_psucmbio/tmp_test_option_notify_oupx_26i/rpmbuild/BUILD/gbp-test-native-1.0'
Executing(%install): /bin/sh -e /var/tmp/rpm-tmp.ADGbtL
Processing files: gbp-test-native-1.0-1.noarch
Provides: gbp-test-native = 1.0-1
Requires(rpmlib): rpmlib(CompressedFileNames) <= 3.0.4-1 rpmlib(FileDigests) <= 4.6.0-1 rpmlib(PayloadFilesHavePrefix) <= 4.0-1
Requires: /bin/sh
Checking for unpackaged file(s): /usr/lib/rpm/check-files /var/scratch/src/git-buildpackage/git-buildpackage/gbp_TestGbpRpm_psucmbio/tmp_test_option_notify_oupx_26i/rpmbuild/BUILDROOT/gbp-test-native-1.0-1.noarch
Wrote: /var/scratch/src/git-buildpackage/git-buildpackage/gbp_TestGbpRpm_psucmbio/tmp_test_option_notify_oupx_26i/rpmbuild/SRPMS/gbp-test-native-1.0-1.src.rpm
Wrote: /var/scratch/src/git-buildpackage/git-buildpackage/gbp_TestGbpRpm_psucmbio/tmp_test_option_notify_oupx_26i/rpmbuild/RPMS/noarch/gbp-test-native-1.0-1.noarch.rpm
Executing(%clean): /bin/sh -e /var/tmp/rpm-tmp.Afc9eP
Executing(--clean): /bin/sh -e /var/tmp/rpm-tmp.zYMJmL
Building target platforms: noarch
Building for target noarch
Executing(%prep): /bin/sh -e /var/tmp/rpm-tmp.rOcziG
Archive:  /var/scratch/src/git-buildpackage/git-buildpackage/gbp_TestGbpRpm_psucmbio/tmp_test_option_notify_oupx_26i/rpmbuild/SOURCES/gbp-test-native-1.0.zip
66d8d14f6112eb144f4dbd877b07d64a33a14e33
   creating: gbp-test-native-1.0/
  inflating: gbp-test-native-1.0/.gbp.conf  
 extracting: gbp-test-native-1.0/Makefile  
 extracting: gbp-test-native-1.0/README  
 extracting: gbp-test-native-1.0/dummy.sh  
   creating: gbp-test-native-1.0/packaging/
  inflating: gbp-test-native-1.0/packaging/gbp-test-native.changes  
  inflating: gbp-test-native-1.0/packaging/gbp-test-native.spec  
Executing(%build): /bin/sh -e /var/tmp/rpm-tmp.olT4EC
make[3]: Entering directory '/var/scratch/src/git-buildpackage/git-buildpackage/gbp_TestGbpRpm_psucmbio/tmp_test_option_notify_oupx_26i/rpmbuild/BUILD/gbp-test-native-1.0'
Ready!
make[3]: Leaving directory '/var/scratch/src/git-buildpackage/git-buildpackage/gbp_TestGbpRpm_psucmbio/tmp_test_option_notify_oupx_26i/rpmbuild/BUILD/gbp-test-native-1.0'
Executing(%install): /bin/sh -e /var/tmp/rpm-tmp.AT7QvG
Processing files: gbp-test-native-1.0-1.noarch
Provides: gbp-test-native = 1.0-1
Requires(rpmlib): rpmlib(CompressedFileNames) <= 3.0.4-1 rpmlib(FileDigests) <= 4.6.0-1 rpmlib(PayloadFilesHavePrefix) <= 4.0-1
Requires: /bin/sh
Checking for unpackaged file(s): /usr/lib/rpm/check-files /var/scratch/src/git-buildpackage/git-buildpackage/gbp_TestGbpRpm_psucmbio/tmp_test_option_notify_oupx_26i/rpmbuild/BUILDROOT/gbp-test-native-1.0-1.noarch
Wrote: /var/scratch/src/git-buildpackage/git-buildpackage/gbp_TestGbpRpm_psucmbio/tmp_test_option_notify_oupx_26i/rpmbuild/SRPMS/gbp-test-native-1.0-1.src.rpm
Wrote: /var/scratch/src/git-buildpackage/git-buildpackage/gbp_TestGbpRpm_psucmbio/tmp_test_option_notify_oupx_26i/rpmbuild/RPMS/noarch/gbp-test-native-1.0-1.noarch.rpm
Executing(%clean): /bin/sh -e /var/tmp/rpm-tmp.mMA26G
Executing(--clean): /bin/sh -e /var/tmp/rpm-tmp.QjNxlG
Building target platforms: noarch
Building for target noarch
Executing(%prep): /bin/sh -e /var/tmp/rpm-tmp.ITGMqu
Archive:  /var/scratch/src/git-buildpackage/git-buildpackage/gbp_TestGbpRpm_psucmbio/tmp_test_option_notify_oupx_26i/rpmbuild/SOURCES/gbp-test-native-1.0.zip
66d8d14f6112eb144f4dbd877b07d64a33a14e33
   creating: gbp-test-native-1.0/
  inflating: gbp-test-native-1.0/.gbp.conf  
 extracting: gbp-test-native-1.0/Makefile  
 extracting: gbp-test-native-1.0/README  
 extracting: gbp-test-native-1.0/dummy.sh  
   creating: gbp-test-native-1.0/packaging/
  inflating: gbp-test-native-1.0/packaging/gbp-test-native.changes  
  inflating: gbp-test-native-1.0/packaging/gbp-test-native.spec  
Executing(%build): /bin/sh -e /var/tmp/rpm-tmp.cVUDHy
make[3]: Entering directory '/var/scratch/src/git-buildpackage/git-buildpackage/gbp_TestGbpRpm_psucmbio/tmp_test_option_notify_oupx_26i/rpmbuild/BUILD/gbp-test-native-1.0'
Ready!
make[3]: Leaving directory '/var/scratch/src/git-buildpackage/git-buildpackage/gbp_TestGbpRpm_psucmbio/tmp_test_option_notify_oupx_26i/rpmbuild/BUILD/gbp-test-native-1.0'
Executing(%install): /bin/sh -e /var/tmp/rpm-tmp.HlfoSw
Processing files: gbp-test-native-1.0-1.noarch
Provides: gbp-test-native = 1.0-1
Requires(rpmlib): rpmlib(CompressedFileNames) <= 3.0.4-1 rpmlib(FileDigests) <= 4.6.0-1 rpmlib(PayloadFilesHavePrefix) <= 4.0-1
Requires: /bin/sh
Checking for unpackaged file(s): /usr/lib/rpm/check-files /var/scratch/src/git-buildpackage/git-buildpackage/gbp_TestGbpRpm_psucmbio/tmp_test_option_notify_oupx_26i/rpmbuild/BUILDROOT/gbp-test-native-1.0-1.noarch
Wrote: /var/scratch/src/git-buildpackage/git-buildpackage/gbp_TestGbpRpm_psucmbio/tmp_test_option_notify_oupx_26i/rpmbuild/SRPMS/gbp-test-native-1.0-1.src.rpm
Wrote: /var/scratch/src/git-buildpackage/git-buildpackage/gbp_TestGbpRpm_psucmbio/tmp_test_option_notify_oupx_26i/rpmbuild/RPMS/noarch/gbp-test-native-1.0-1.noarch.rpm
Executing(%clean): /bin/sh -e /var/tmp/rpm-tmp.QNV0Nw
Executing(--clean): /bin/sh -e /var/tmp/rpm-tmp.7HvnCv
]]></system-out></testcase><testcase classname="tests.component.rpm.test_buildpackage_rpm.TestGbpRpm" name="test_option_packaging_dir" time="0.347"><system-out><![CDATA[Building target platforms: noarch
Building for target noarch
Executing(%prep): /bin/sh -e /var/tmp/rpm-tmp.dR85CC
Archive:  /var/scratch/src/git-buildpackage/git-buildpackage/gbp_TestGbpRpm_psucmbio/tmp_test_option_packaging_dir_oaed8a6t/rpmbuild/SOURCES/gbp-test-native-1.0.zip
66d8d14f6112eb144f4dbd877b07d64a33a14e33
   creating: gbp-test-native-1.0/
  inflating: gbp-test-native-1.0/.gbp.conf  
 extracting: gbp-test-native-1.0/Makefile  
 extracting: gbp-test-native-1.0/README  
 extracting: gbp-test-native-1.0/dummy.sh  
   creating: gbp-test-native-1.0/packaging/
  inflating: gbp-test-native-1.0/packaging/gbp-test-native.changes  
  inflating: gbp-test-native-1.0/packaging/gbp-test-native.spec  
Executing(%build): /bin/sh -e /var/tmp/rpm-tmp.UKCpXB
make[3]: Entering directory '/var/scratch/src/git-buildpackage/git-buildpackage/gbp_TestGbpRpm_psucmbio/tmp_test_option_packaging_dir_oaed8a6t/rpmbuild/BUILD/gbp-test-native-1.0'
Ready!
make[3]: Leaving directory '/var/scratch/src/git-buildpackage/git-buildpackage/gbp_TestGbpRpm_psucmbio/tmp_test_option_packaging_dir_oaed8a6t/rpmbuild/BUILD/gbp-test-native-1.0'
Executing(%install): /bin/sh -e /var/tmp/rpm-tmp.7zR1Hz
Processing files: gbp-test-native-1.0-1.noarch
Provides: gbp-test-native = 1.0-1
Requires(rpmlib): rpmlib(CompressedFileNames) <= 3.0.4-1 rpmlib(FileDigests) <= 4.6.0-1 rpmlib(PayloadFilesHavePrefix) <= 4.0-1
Requires: /bin/sh
Checking for unpackaged file(s): /usr/lib/rpm/check-files /var/scratch/src/git-buildpackage/git-buildpackage/gbp_TestGbpRpm_psucmbio/tmp_test_option_packaging_dir_oaed8a6t/rpmbuild/BUILDROOT/gbp-test-native-1.0-1.noarch
Wrote: /var/scratch/src/git-buildpackage/git-buildpackage/gbp_TestGbpRpm_psucmbio/tmp_test_option_packaging_dir_oaed8a6t/rpmbuild/SRPMS/gbp-test-native-1.0-1.src.rpm
Wrote: /var/scratch/src/git-buildpackage/git-buildpackage/gbp_TestGbpRpm_psucmbio/tmp_test_option_packaging_dir_oaed8a6t/rpmbuild/RPMS/noarch/gbp-test-native-1.0-1.noarch.rpm
Executing(%clean): /bin/sh -e /var/tmp/rpm-tmp.TmJUdB
Executing(--clean): /bin/sh -e /var/tmp/rpm-tmp.ioxuxB
]]></system-out></testcase><testcase classname="tests.component.rpm.test_buildpackage_rpm.TestGbpRpm" name="test_option_spec_file" time="0.563"><system-out><![CDATA[Building target platforms: noarch
Building for target noarch
Executing(%prep): /bin/sh -e /var/tmp/rpm-tmp.X14wuP
drwxrwxr-x root/root         0 2012-11-13 12:31 /
-rw-rw-r-- root/root        27 2012-11-13 12:31 /Makefile
-rw-rw-r-- root/root        40 2012-11-13 12:31 /README
-rwxrwxr-x root/root        34 2012-11-13 12:31 /dummy.sh
Patch #0 (my.patch):
patching file dummy.sh
Do things
Executing(%build): /bin/sh -e /var/tmp/rpm-tmp.sBEldN
make[3]: Entering directory '/var/scratch/src/git-buildpackage/git-buildpackage/gbp_TestGbpRpm_psucmbio/tmp_test_option_spec_file_bpza7y4t/rpmbuild/BUILD/gbp-test2-2.0'
Ready (2.0)!
make[3]: Leaving directory '/var/scratch/src/git-buildpackage/git-buildpackage/gbp_TestGbpRpm_psucmbio/tmp_test_option_spec_file_bpza7y4t/rpmbuild/BUILD/gbp-test2-2.0'
Executing(%install): /bin/sh -e /var/tmp/rpm-tmp.TehTzM
Processing files: gbp-test2-2.0-1.noarch
Provides: gbp-test2 = 1:2.0-1
Requires(rpmlib): rpmlib(CompressedFileNames) <= 3.0.4-1 rpmlib(FileDigests) <= 4.6.0-1 rpmlib(PayloadFilesHavePrefix) <= 4.0-1
Requires: /bin/sh
Checking for unpackaged file(s): /usr/lib/rpm/check-files /var/scratch/src/git-buildpackage/git-buildpackage/gbp_TestGbpRpm_psucmbio/tmp_test_option_spec_file_bpza7y4t/rpmbuild/BUILDROOT/gbp-test2-2.0-1.noarch
Wrote: /var/scratch/src/git-buildpackage/git-buildpackage/gbp_TestGbpRpm_psucmbio/tmp_test_option_spec_file_bpza7y4t/rpmbuild/SRPMS/gbp-test2-2.0-1.src.rpm
Wrote: /var/scratch/src/git-buildpackage/git-buildpackage/gbp_TestGbpRpm_psucmbio/tmp_test_option_spec_file_bpza7y4t/rpmbuild/RPMS/noarch/gbp-test2-2.0-1.noarch.rpm
Executing(%clean): /bin/sh -e /var/tmp/rpm-tmp.NIBDDN
Executing(--clean): /bin/sh -e /var/tmp/rpm-tmp.1DQagN
]]></system-out></testcase><testcase classname="tests.component.rpm.test_buildpackage_rpm.TestGbpRpm" name="test_option_spec_vcs_tag" time="0.607"><system-out><![CDATA[Building target platforms: noarch
Building for target noarch
Executing(%prep): /bin/sh -e /var/tmp/rpm-tmp.R1zyrD
Archive:  /var/scratch/src/git-buildpackage/git-buildpackage/gbp_TestGbpRpm_psucmbio/tmp_test_option_spec_vcs_tag_kcjvo6_9/rpmbuild/SOURCES/gbp-test-native-1.0.zip
66d8d14f6112eb144f4dbd877b07d64a33a14e33
   creating: gbp-test-native-1.0/
  inflating: gbp-test-native-1.0/.gbp.conf  
 extracting: gbp-test-native-1.0/Makefile  
 extracting: gbp-test-native-1.0/README  
 extracting: gbp-test-native-1.0/dummy.sh  
   creating: gbp-test-native-1.0/packaging/
  inflating: gbp-test-native-1.0/packaging/gbp-test-native.changes  
  inflating: gbp-test-native-1.0/packaging/gbp-test-native.spec  
Executing(%build): /bin/sh -e /var/tmp/rpm-tmp.eK813C
make[3]: Entering directory '/var/scratch/src/git-buildpackage/git-buildpackage/gbp_TestGbpRpm_psucmbio/tmp_test_option_spec_vcs_tag_kcjvo6_9/rpmbuild/BUILD/gbp-test-native-1.0'
Ready!
make[3]: Leaving directory '/var/scratch/src/git-buildpackage/git-buildpackage/gbp_TestGbpRpm_psucmbio/tmp_test_option_spec_vcs_tag_kcjvo6_9/rpmbuild/BUILD/gbp-test-native-1.0'
Executing(%install): /bin/sh -e /var/tmp/rpm-tmp.js1NbC
Processing files: gbp-test-native-1.0-1.noarch
Provides: gbp-test-native = 1.0-1
Requires(rpmlib): rpmlib(CompressedFileNames) <= 3.0.4-1 rpmlib(FileDigests) <= 4.6.0-1 rpmlib(PayloadFilesHavePrefix) <= 4.0-1
Requires: /bin/sh
Checking for unpackaged file(s): /usr/lib/rpm/check-files /var/scratch/src/git-buildpackage/git-buildpackage/gbp_TestGbpRpm_psucmbio/tmp_test_option_spec_vcs_tag_kcjvo6_9/rpmbuild/BUILDROOT/gbp-test-native-1.0-1.noarch
Wrote: /var/scratch/src/git-buildpackage/git-buildpackage/gbp_TestGbpRpm_psucmbio/tmp_test_option_spec_vcs_tag_kcjvo6_9/rpmbuild/SRPMS/gbp-test-native-1.0-1.src.rpm
Wrote: /var/scratch/src/git-buildpackage/git-buildpackage/gbp_TestGbpRpm_psucmbio/tmp_test_option_spec_vcs_tag_kcjvo6_9/rpmbuild/RPMS/noarch/gbp-test-native-1.0-1.noarch.rpm
Executing(%clean): /bin/sh -e /var/tmp/rpm-tmp.d8pHeD
Executing(--clean): /bin/sh -e /var/tmp/rpm-tmp.OS0HfC
Building target platforms: noarch
Building for target noarch
Executing(%prep): /bin/sh -e /var/tmp/rpm-tmp.DCEWPB
Archive:  /var/scratch/src/git-buildpackage/git-buildpackage/gbp_TestGbpRpm_psucmbio/tmp_test_option_spec_vcs_tag_kcjvo6_9/rpmbuild/SOURCES/gbp-test-native-1.0.zip
66d8d14f6112eb144f4dbd877b07d64a33a14e33
   creating: gbp-test-native-1.0/
  inflating: gbp-test-native-1.0/.gbp.conf  
 extracting: gbp-test-native-1.0/Makefile  
 extracting: gbp-test-native-1.0/README  
 extracting: gbp-test-native-1.0/dummy.sh  
   creating: gbp-test-native-1.0/packaging/
  inflating: gbp-test-native-1.0/packaging/gbp-test-native.changes  
  inflating: gbp-test-native-1.0/packaging/gbp-test-native.spec  
Executing(%build): /bin/sh -e /var/tmp/rpm-tmp.QLhW0x
make[3]: Entering directory '/var/scratch/src/git-buildpackage/git-buildpackage/gbp_TestGbpRpm_psucmbio/tmp_test_option_spec_vcs_tag_kcjvo6_9/rpmbuild/BUILD/gbp-test-native-1.0'
Ready!
make[3]: Leaving directory '/var/scratch/src/git-buildpackage/git-buildpackage/gbp_TestGbpRpm_psucmbio/tmp_test_option_spec_vcs_tag_kcjvo6_9/rpmbuild/BUILD/gbp-test-native-1.0'
Executing(%install): /bin/sh -e /var/tmp/rpm-tmp.vcALaz
Processing files: gbp-test-native-1.0-1.noarch
Provides: gbp-test-native = 1.0-1
Requires(rpmlib): rpmlib(CompressedFileNames) <= 3.0.4-1 rpmlib(FileDigests) <= 4.6.0-1 rpmlib(PayloadFilesHavePrefix) <= 4.0-1
Requires: /bin/sh
Checking for unpackaged file(s): /usr/lib/rpm/check-files /var/scratch/src/git-buildpackage/git-buildpackage/gbp_TestGbpRpm_psucmbio/tmp_test_option_spec_vcs_tag_kcjvo6_9/rpmbuild/BUILDROOT/gbp-test-native-1.0-1.noarch
Wrote: /var/scratch/src/git-buildpackage/git-buildpackage/gbp_TestGbpRpm_psucmbio/tmp_test_option_spec_vcs_tag_kcjvo6_9/rpmbuild/SRPMS/gbp-test-native-1.0-1.src.rpm
Wrote: /var/scratch/src/git-buildpackage/git-buildpackage/gbp_TestGbpRpm_psucmbio/tmp_test_option_spec_vcs_tag_kcjvo6_9/rpmbuild/RPMS/noarch/gbp-test-native-1.0-1.noarch.rpm
Executing(%clean): /bin/sh -e /var/tmp/rpm-tmp.tSKnTA
Executing(--clean): /bin/sh -e /var/tmp/rpm-tmp.yEPNhz
]]></system-out></testcase><testcase classname="tests.component.rpm.test_buildpackage_rpm.TestGbpRpm" name="test_option_submodules" time="1.032"><system-out><![CDATA[Building target platforms: noarch
Building for target noarch
Executing(%prep): /bin/sh -e /var/tmp/rpm-tmp.yTsAWr
drwxrwxr-x root/root         0 2021-02-01 12:02 gbp-test/
-rw-rw-r-- root/root       167 2021-02-01 12:02 gbp-test/.gitmodules
-rw-rw-r-- root/root        21 2021-02-01 12:02 gbp-test/Makefile
-rw-rw-r-- root/root        48 2021-02-01 12:02 gbp-test/README
-rwxrwxr-x root/root        30 2021-02-01 12:02 gbp-test/dummy.sh
drwxrwxr-x root/root         0 2021-02-01 12:02 gbp-test/gbp-test-native.repo/
-rw-r--r-- marquiz/users    56 2012-10-30 09:55 bar.txt
Patch #0 (my.patch):
patching file dummy.sh
Patch #1 (my-gz.patch.gz):
patching file AUTHORS
Patch #2 (my-bzip2.patch.bz2):
patching file NEWS
Patch #10 (my2.patch):
patching file mydir/myfile.txt
Executing(%build): /bin/sh -e /var/tmp/rpm-tmp.VK4mmr
make[3]: Entering directory '/var/scratch/src/git-buildpackage/git-buildpackage/gbp_TestGbpRpm_psucmbio/tmp_test_option_submodules_96i4w5xh/rpmbuild/BUILD/gbp-test'
Ready!
make[3]: Leaving directory '/var/scratch/src/git-buildpackage/git-buildpackage/gbp_TestGbpRpm_psucmbio/tmp_test_option_submodules_96i4w5xh/rpmbuild/BUILD/gbp-test'
Executing(%install): /bin/sh -e /var/tmp/rpm-tmp.eygHNo
Processing files: gbp-test-1.1-2.noarch
Provides: gbp-test = 1.1-2
Requires(rpmlib): rpmlib(CompressedFileNames) <= 3.0.4-1 rpmlib(FileDigests) <= 4.6.0-1 rpmlib(PayloadFilesHavePrefix) <= 4.0-1
Requires: /bin/sh
Checking for unpackaged file(s): /usr/lib/rpm/check-files /var/scratch/src/git-buildpackage/git-buildpackage/gbp_TestGbpRpm_psucmbio/tmp_test_option_submodules_96i4w5xh/rpmbuild/BUILDROOT/gbp-test-1.1-2.noarch
Wrote: /var/scratch/src/git-buildpackage/git-buildpackage/gbp_TestGbpRpm_psucmbio/tmp_test_option_submodules_96i4w5xh/rpmbuild/SRPMS/gbp-test-1.1-2.src.rpm
Wrote: /var/scratch/src/git-buildpackage/git-buildpackage/gbp_TestGbpRpm_psucmbio/tmp_test_option_submodules_96i4w5xh/rpmbuild/RPMS/noarch/gbp-test-1.1-2.noarch.rpm
Executing(%clean): /bin/sh -e /var/tmp/rpm-tmp.VIqpZs
Executing(--clean): /bin/sh -e /var/tmp/rpm-tmp.HyOoHq
Building target platforms: noarch
Building for target noarch
Executing(%prep): /bin/sh -e /var/tmp/rpm-tmp.VYD8JK
drwxrwxr-x root/root         0 2021-02-01 12:02 gbp-test/
-rw-rw-r-- root/root       167 2021-02-01 12:02 gbp-test/.gitmodules
-rw-rw-r-- root/root        21 2021-02-01 12:02 gbp-test/Makefile
-rw-rw-r-- root/root        48 2021-02-01 12:02 gbp-test/README
-rwxrwxr-x root/root        30 2021-02-01 12:02 gbp-test/dummy.sh
drwxrwxr-x root/root         0 2021-02-01 12:02 gbp-test/gbp-test-native.repo/
drwxrwxr-x root/root         0 2015-11-26 17:46 gbp-test/gbp-test-native.repo/
-rw-rw-r-- root/root       144 2015-11-26 17:46 gbp-test/gbp-test-native.repo/.gbp.conf
-rw-rw-r-- root/root        21 2015-11-26 17:46 gbp-test/gbp-test-native.repo/Makefile
-rw-rw-r-- root/root        35 2015-11-26 17:46 gbp-test/gbp-test-native.repo/README
-rwxrwxr-x root/root        30 2015-11-26 17:46 gbp-test/gbp-test-native.repo/dummy.sh
drwxrwxr-x root/root         0 2015-11-26 17:46 gbp-test/gbp-test-native.repo/packaging/
-rw-rw-r-- root/root        95 2015-11-26 17:46 gbp-test/gbp-test-native.repo/packaging/gbp-test-native.changes
-rw-rw-r-- root/root       561 2015-11-26 17:46 gbp-test/gbp-test-native.repo/packaging/gbp-test-native.spec
-rw-r--r-- marquiz/users    56 2012-10-30 09:55 bar.txt
Patch #0 (my.patch):
patching file dummy.sh
Patch #1 (my-gz.patch.gz):
patching file AUTHORS
Patch #2 (my-bzip2.patch.bz2):
patching file NEWS
Patch #10 (my2.patch):
patching file mydir/myfile.txt
Executing(%build): /bin/sh -e /var/tmp/rpm-tmp.IYuy6H
make[3]: Entering directory '/var/scratch/src/git-buildpackage/git-buildpackage/gbp_TestGbpRpm_psucmbio/tmp_test_option_submodules_96i4w5xh/rpmbuild/BUILD/gbp-test'
Ready!
make[3]: Leaving directory '/var/scratch/src/git-buildpackage/git-buildpackage/gbp_TestGbpRpm_psucmbio/tmp_test_option_submodules_96i4w5xh/rpmbuild/BUILD/gbp-test'
Executing(%install): /bin/sh -e /var/tmp/rpm-tmp.L6a6sH
Processing files: gbp-test-1.1-2.noarch
Provides: gbp-test = 1.1-2
Requires(rpmlib): rpmlib(CompressedFileNames) <= 3.0.4-1 rpmlib(FileDigests) <= 4.6.0-1 rpmlib(PayloadFilesHavePrefix) <= 4.0-1
Requires: /bin/sh
Checking for unpackaged file(s): /usr/lib/rpm/check-files /var/scratch/src/git-buildpackage/git-buildpackage/gbp_TestGbpRpm_psucmbio/tmp_test_option_submodules_96i4w5xh/rpmbuild/BUILDROOT/gbp-test-1.1-2.noarch
Wrote: /var/scratch/src/git-buildpackage/git-buildpackage/gbp_TestGbpRpm_psucmbio/tmp_test_option_submodules_96i4w5xh/rpmbuild/SRPMS/gbp-test-1.1-2.src.rpm
Wrote: /var/scratch/src/git-buildpackage/git-buildpackage/gbp_TestGbpRpm_psucmbio/tmp_test_option_submodules_96i4w5xh/rpmbuild/RPMS/noarch/gbp-test-1.1-2.noarch.rpm
Executing(%clean): /bin/sh -e /var/tmp/rpm-tmp.gaJzlH
Executing(--clean): /bin/sh -e /var/tmp/rpm-tmp.XSAW7I
]]></system-out></testcase><testcase classname="tests.component.rpm.test_buildpackage_rpm.TestGbpRpm" name="test_option_submodules_native" time="0.670"><system-out><![CDATA[Building target platforms: noarch
Building for target noarch
Executing(%prep): /bin/sh -e /var/tmp/rpm-tmp.w8l94t
Archive:  /var/scratch/src/git-buildpackage/git-buildpackage/gbp_TestGbpRpm_psucmbio/tmp_test_option_submodules_native_cvygxlm3/rpmbuild/SOURCES/gbp-test-native-1.0.zip
4ffb7c2df8f180c601e16671a1347dc13b0a1c61
   creating: gbp-test-native-1.0/
  inflating: gbp-test-native-1.0/.gbp.conf  
  inflating: gbp-test-native-1.0/.gitmodules  
 extracting: gbp-test-native-1.0/Makefile  
 extracting: gbp-test-native-1.0/README  
 extracting: gbp-test-native-1.0/dummy.sh  
   creating: gbp-test-native-1.0/gbp-test-native2.repo/
   creating: gbp-test-native-1.0/packaging/
  inflating: gbp-test-native-1.0/packaging/gbp-test-native.changes  
  inflating: gbp-test-native-1.0/packaging/gbp-test-native.spec  
  inflating: gbp-test-native-1.0/gbp-test-native2.repo/.gbp.conf  
 extracting: gbp-test-native-1.0/gbp-test-native2.repo/foo.txt  
  inflating: gbp-test-native-1.0/gbp-test-native2.repo/gbp-test-native2.spec  
Executing(%build): /bin/sh -e /var/tmp/rpm-tmp.Vna8Su
make[3]: Entering directory '/var/scratch/src/git-buildpackage/git-buildpackage/gbp_TestGbpRpm_psucmbio/tmp_test_option_submodules_native_cvygxlm3/rpmbuild/BUILD/gbp-test-native-1.0'
Ready!
make[3]: Leaving directory '/var/scratch/src/git-buildpackage/git-buildpackage/gbp_TestGbpRpm_psucmbio/tmp_test_option_submodules_native_cvygxlm3/rpmbuild/BUILD/gbp-test-native-1.0'
Executing(%install): /bin/sh -e /var/tmp/rpm-tmp.HkukGq
Processing files: gbp-test-native-1.0-1.noarch
Provides: gbp-test-native = 1.0-1
Requires(rpmlib): rpmlib(CompressedFileNames) <= 3.0.4-1 rpmlib(FileDigests) <= 4.6.0-1 rpmlib(PayloadFilesHavePrefix) <= 4.0-1
Requires: /bin/sh
Checking for unpackaged file(s): /usr/lib/rpm/check-files /var/scratch/src/git-buildpackage/git-buildpackage/gbp_TestGbpRpm_psucmbio/tmp_test_option_submodules_native_cvygxlm3/rpmbuild/BUILDROOT/gbp-test-native-1.0-1.noarch
Wrote: /var/scratch/src/git-buildpackage/git-buildpackage/gbp_TestGbpRpm_psucmbio/tmp_test_option_submodules_native_cvygxlm3/rpmbuild/SRPMS/gbp-test-native-1.0-1.src.rpm
Wrote: /var/scratch/src/git-buildpackage/git-buildpackage/gbp_TestGbpRpm_psucmbio/tmp_test_option_submodules_native_cvygxlm3/rpmbuild/RPMS/noarch/gbp-test-native-1.0-1.noarch.rpm
Executing(%clean): /bin/sh -e /var/tmp/rpm-tmp.LViv2s
Executing(--clean): /bin/sh -e /var/tmp/rpm-tmp.Ihy61t
]]></system-out></testcase><testcase classname="tests.component.rpm.test_buildpackage_rpm.TestGbpRpm" name="test_option_tmp_dir" time="0.261"></testcase><testcase classname="tests.component.rpm.test_buildpackage_rpm.TestGbpRpm" name="test_option_upstream_tree" time="1.523"><system-out><![CDATA[Building target platforms: noarch
Building for target noarch
Executing(%prep): /bin/sh -e /var/tmp/rpm-tmp.2koCR0
drwxrwxr-x root/root         0 2012-11-07 08:15 gbp-test/
-rw-rw-r-- root/root        21 2012-11-07 08:15 gbp-test/Makefile
-rw-rw-r-- root/root        48 2012-11-07 08:15 gbp-test/README
-rwxrwxr-x root/root        30 2012-11-07 08:15 gbp-test/dummy.sh
-rw-r--r-- marquiz/users    56 2012-10-30 09:55 bar.txt
Patch #0 (my.patch):
patching file dummy.sh
Patch #1 (my-gz.patch.gz):
patching file AUTHORS
Patch #2 (my-bzip2.patch.bz2):
patching file NEWS
Patch #10 (my2.patch):
patching file mydir/myfile.txt
Executing(%build): /bin/sh -e /var/tmp/rpm-tmp.EJaBBZ
make[3]: Entering directory '/var/scratch/src/git-buildpackage/git-buildpackage/gbp_TestGbpRpm_psucmbio/tmp_test_option_upstream_tree_gntywgrh/rpmbuild/BUILD/gbp-test'
Ready!
make[3]: Leaving directory '/var/scratch/src/git-buildpackage/git-buildpackage/gbp_TestGbpRpm_psucmbio/tmp_test_option_upstream_tree_gntywgrh/rpmbuild/BUILD/gbp-test'
Executing(%install): /bin/sh -e /var/tmp/rpm-tmp.hFQOHX
Processing files: gbp-test-1.1-2.noarch
Provides: gbp-test = 1.1-2
Requires(rpmlib): rpmlib(CompressedFileNames) <= 3.0.4-1 rpmlib(FileDigests) <= 4.6.0-1 rpmlib(PayloadFilesHavePrefix) <= 4.0-1
Requires: /bin/sh
Checking for unpackaged file(s): /usr/lib/rpm/check-files /var/scratch/src/git-buildpackage/git-buildpackage/gbp_TestGbpRpm_psucmbio/tmp_test_option_upstream_tree_gntywgrh/rpmbuild/BUILDROOT/gbp-test-1.1-2.noarch
Wrote: /var/scratch/src/git-buildpackage/git-buildpackage/gbp_TestGbpRpm_psucmbio/tmp_test_option_upstream_tree_gntywgrh/rpmbuild/SRPMS/gbp-test-1.1-2.src.rpm
Wrote: /var/scratch/src/git-buildpackage/git-buildpackage/gbp_TestGbpRpm_psucmbio/tmp_test_option_upstream_tree_gntywgrh/rpmbuild/RPMS/noarch/gbp-test-1.1-2.noarch.rpm
Executing(%clean): /bin/sh -e /var/tmp/rpm-tmp.l9aKhZ
Executing(--clean): /bin/sh -e /var/tmp/rpm-tmp.08LvM1
Building target platforms: noarch
Building for target noarch
Executing(%prep): /bin/sh -e /var/tmp/rpm-tmp.3Hr9F2
drwxrwxr-x root/root         0 2021-02-01 12:02 gbp-test/
-rw-rw-r-- root/root        21 2021-02-01 12:02 gbp-test/Makefile
-rw-rw-r-- root/root        48 2021-02-01 12:02 gbp-test/README
-rwxrwxr-x root/root        30 2021-02-01 12:02 gbp-test/dummy.sh
-rw-rw-r-- root/root         1 2021-02-01 12:02 gbp-test/new-file
-rw-rw-r-- root/root         1 2021-02-01 12:02 gbp-test/new-file2
-rw-r--r-- marquiz/users    56 2012-10-30 09:55 bar.txt
Patch #0 (my.patch):
patching file dummy.sh
Patch #1 (my-gz.patch.gz):
patching file AUTHORS
Patch #2 (my-bzip2.patch.bz2):
patching file NEWS
Patch #10 (my2.patch):
patching file mydir/myfile.txt
Executing(%build): /bin/sh -e /var/tmp/rpm-tmp.qiSjm6
make[3]: Entering directory '/var/scratch/src/git-buildpackage/git-buildpackage/gbp_TestGbpRpm_psucmbio/tmp_test_option_upstream_tree_gntywgrh/rpmbuild/BUILD/gbp-test'
Ready!
make[3]: Leaving directory '/var/scratch/src/git-buildpackage/git-buildpackage/gbp_TestGbpRpm_psucmbio/tmp_test_option_upstream_tree_gntywgrh/rpmbuild/BUILD/gbp-test'
Executing(%install): /bin/sh -e /var/tmp/rpm-tmp.P6YSm4
Processing files: gbp-test-1.1-2.noarch
Provides: gbp-test = 1.1-2
Requires(rpmlib): rpmlib(CompressedFileNames) <= 3.0.4-1 rpmlib(FileDigests) <= 4.6.0-1 rpmlib(PayloadFilesHavePrefix) <= 4.0-1
Requires: /bin/sh
Checking for unpackaged file(s): /usr/lib/rpm/check-files /var/scratch/src/git-buildpackage/git-buildpackage/gbp_TestGbpRpm_psucmbio/tmp_test_option_upstream_tree_gntywgrh/rpmbuild/BUILDROOT/gbp-test-1.1-2.noarch
Wrote: /var/scratch/src/git-buildpackage/git-buildpackage/gbp_TestGbpRpm_psucmbio/tmp_test_option_upstream_tree_gntywgrh/rpmbuild/SRPMS/gbp-test-1.1-2.src.rpm
Wrote: /var/scratch/src/git-buildpackage/git-buildpackage/gbp_TestGbpRpm_psucmbio/tmp_test_option_upstream_tree_gntywgrh/rpmbuild/RPMS/noarch/gbp-test-1.1-2.noarch.rpm
Executing(%clean): /bin/sh -e /var/tmp/rpm-tmp.IPyNF2
Executing(--clean): /bin/sh -e /var/tmp/rpm-tmp.IzNUK5
Building target platforms: noarch
Building for target noarch
Executing(%prep): /bin/sh -e /var/tmp/rpm-tmp.Io6mqa
drwxrwxr-x root/root         0 2021-02-01 12:02 gbp-test/
-rw-rw-r-- root/root        21 2021-02-01 12:02 gbp-test/Makefile
-rw-rw-r-- root/root        48 2021-02-01 12:02 gbp-test/README
-rwxrwxr-x root/root        30 2021-02-01 12:02 gbp-test/dummy.sh
-rw-rw-r-- root/root         1 2021-02-01 12:02 gbp-test/new-file
-rw-r--r-- marquiz/users    56 2012-10-30 09:55 bar.txt
Patch #0 (my.patch):
patching file dummy.sh
Patch #1 (my-gz.patch.gz):
patching file AUTHORS
Patch #2 (my-bzip2.patch.bz2):
patching file NEWS
Patch #10 (my2.patch):
patching file mydir/myfile.txt
Executing(%build): /bin/sh -e /var/tmp/rpm-tmp.aP0aj9
make[3]: Entering directory '/var/scratch/src/git-buildpackage/git-buildpackage/gbp_TestGbpRpm_psucmbio/tmp_test_option_upstream_tree_gntywgrh/rpmbuild/BUILD/gbp-test'
Ready!
make[3]: Leaving directory '/var/scratch/src/git-buildpackage/git-buildpackage/gbp_TestGbpRpm_psucmbio/tmp_test_option_upstream_tree_gntywgrh/rpmbuild/BUILD/gbp-test'
Executing(%install): /bin/sh -e /var/tmp/rpm-tmp.WN6AFa
Processing files: gbp-test-1.1-2.noarch
Provides: gbp-test = 1.1-2
Requires(rpmlib): rpmlib(CompressedFileNames) <= 3.0.4-1 rpmlib(FileDigests) <= 4.6.0-1 rpmlib(PayloadFilesHavePrefix) <= 4.0-1
Requires: /bin/sh
Checking for unpackaged file(s): /usr/lib/rpm/check-files /var/scratch/src/git-buildpackage/git-buildpackage/gbp_TestGbpRpm_psucmbio/tmp_test_option_upstream_tree_gntywgrh/rpmbuild/BUILDROOT/gbp-test-1.1-2.noarch
Wrote: /var/scratch/src/git-buildpackage/git-buildpackage/gbp_TestGbpRpm_psucmbio/tmp_test_option_upstream_tree_gntywgrh/rpmbuild/SRPMS/gbp-test-1.1-2.src.rpm
Wrote: /var/scratch/src/git-buildpackage/git-buildpackage/gbp_TestGbpRpm_psucmbio/tmp_test_option_upstream_tree_gntywgrh/rpmbuild/RPMS/noarch/gbp-test-1.1-2.noarch.rpm
Executing(%clean): /bin/sh -e /var/tmp/rpm-tmp.wRqq96
Executing(--clean): /bin/sh -e /var/tmp/rpm-tmp.6OpkB8
]]></system-out></testcase><testcase classname="tests.component.rpm.test_buildpackage_rpm.TestGbpRpm" name="test_options_ignore" time="0.427"><system-out><![CDATA[Building target platforms: noarch
Building for target noarch
Executing(%prep): /bin/sh -e /var/tmp/rpm-tmp.pvgBN5
Archive:  /var/scratch/src/git-buildpackage/git-buildpackage/gbp_TestGbpRpm_psucmbio/tmp_test_options_ignore_rptntwze/rpmbuild/SOURCES/gbp-test-native-1.0.zip
66d8d14f6112eb144f4dbd877b07d64a33a14e33
   creating: gbp-test-native-1.0/
  inflating: gbp-test-native-1.0/.gbp.conf  
 extracting: gbp-test-native-1.0/Makefile  
 extracting: gbp-test-native-1.0/README  
 extracting: gbp-test-native-1.0/dummy.sh  
   creating: gbp-test-native-1.0/packaging/
  inflating: gbp-test-native-1.0/packaging/gbp-test-native.changes  
  inflating: gbp-test-native-1.0/packaging/gbp-test-native.spec  
Executing(%build): /bin/sh -e /var/tmp/rpm-tmp.eXbaz5
make[3]: Entering directory '/var/scratch/src/git-buildpackage/git-buildpackage/gbp_TestGbpRpm_psucmbio/tmp_test_options_ignore_rptntwze/rpmbuild/BUILD/gbp-test-native-1.0'
Ready!
make[3]: Leaving directory '/var/scratch/src/git-buildpackage/git-buildpackage/gbp_TestGbpRpm_psucmbio/tmp_test_options_ignore_rptntwze/rpmbuild/BUILD/gbp-test-native-1.0'
Executing(%install): /bin/sh -e /var/tmp/rpm-tmp.F8aOg4
Processing files: gbp-test-native-1.0-1.noarch
Provides: gbp-test-native = 1.0-1
Requires(rpmlib): rpmlib(CompressedFileNames) <= 3.0.4-1 rpmlib(FileDigests) <= 4.6.0-1 rpmlib(PayloadFilesHavePrefix) <= 4.0-1
Requires: /bin/sh
Checking for unpackaged file(s): /usr/lib/rpm/check-files /var/scratch/src/git-buildpackage/git-buildpackage/gbp_TestGbpRpm_psucmbio/tmp_test_options_ignore_rptntwze/rpmbuild/BUILDROOT/gbp-test-native-1.0-1.noarch
Wrote: /var/scratch/src/git-buildpackage/git-buildpackage/gbp_TestGbpRpm_psucmbio/tmp_test_options_ignore_rptntwze/rpmbuild/SRPMS/gbp-test-native-1.0-1.src.rpm
Wrote: /var/scratch/src/git-buildpackage/git-buildpackage/gbp_TestGbpRpm_psucmbio/tmp_test_options_ignore_rptntwze/rpmbuild/RPMS/noarch/gbp-test-native-1.0-1.noarch.rpm
Executing(%clean): /bin/sh -e /var/tmp/rpm-tmp.3zkqL4
Executing(--clean): /bin/sh -e /var/tmp/rpm-tmp.rDLKS2
]]></system-out></testcase><testcase classname="tests.component.rpm.test_buildpackage_rpm.TestGbpRpm" name="test_outside_repo" time="0.021"></testcase><testcase classname="tests.component.rpm.test_buildpackage_rpm.TestGbpRpm" name="test_packaging_branch_options" time="0.928"><system-out><![CDATA[Building target platforms: noarch
Building for target noarch
Executing(%prep): /bin/sh -e /var/tmp/rpm-tmp.CtLeMR
Archive:  /var/scratch/src/git-buildpackage/git-buildpackage/gbp_TestGbpRpm_psucmbio/tmp_test_packaging_branch_options__9hmxyi8/rpmbuild/SOURCES/gbp-test-native-1.0.zip
66d8d14f6112eb144f4dbd877b07d64a33a14e33
   creating: gbp-test-native-1.0/
  inflating: gbp-test-native-1.0/.gbp.conf  
 extracting: gbp-test-native-1.0/Makefile  
 extracting: gbp-test-native-1.0/README  
 extracting: gbp-test-native-1.0/dummy.sh  
   creating: gbp-test-native-1.0/packaging/
  inflating: gbp-test-native-1.0/packaging/gbp-test-native.changes  
  inflating: gbp-test-native-1.0/packaging/gbp-test-native.spec  
Executing(%build): /bin/sh -e /var/tmp/rpm-tmp.CzTiXN
make[3]: Entering directory '/var/scratch/src/git-buildpackage/git-buildpackage/gbp_TestGbpRpm_psucmbio/tmp_test_packaging_branch_options__9hmxyi8/rpmbuild/BUILD/gbp-test-native-1.0'
Ready!
make[3]: Leaving directory '/var/scratch/src/git-buildpackage/git-buildpackage/gbp_TestGbpRpm_psucmbio/tmp_test_packaging_branch_options__9hmxyi8/rpmbuild/BUILD/gbp-test-native-1.0'
Executing(%install): /bin/sh -e /var/tmp/rpm-tmp.7cognN
Processing files: gbp-test-native-1.0-1.noarch
Provides: gbp-test-native = 1.0-1
Requires(rpmlib): rpmlib(CompressedFileNames) <= 3.0.4-1 rpmlib(FileDigests) <= 4.6.0-1 rpmlib(PayloadFilesHavePrefix) <= 4.0-1
Requires: /bin/sh
Checking for unpackaged file(s): /usr/lib/rpm/check-files /var/scratch/src/git-buildpackage/git-buildpackage/gbp_TestGbpRpm_psucmbio/tmp_test_packaging_branch_options__9hmxyi8/rpmbuild/BUILDROOT/gbp-test-native-1.0-1.noarch
Wrote: /var/scratch/src/git-buildpackage/git-buildpackage/gbp_TestGbpRpm_psucmbio/tmp_test_packaging_branch_options__9hmxyi8/rpmbuild/SRPMS/gbp-test-native-1.0-1.src.rpm
Wrote: /var/scratch/src/git-buildpackage/git-buildpackage/gbp_TestGbpRpm_psucmbio/tmp_test_packaging_branch_options__9hmxyi8/rpmbuild/RPMS/noarch/gbp-test-native-1.0-1.noarch.rpm
Executing(%clean): /bin/sh -e /var/tmp/rpm-tmp.bt7XjO
Executing(--clean): /bin/sh -e /var/tmp/rpm-tmp.MJDQTO
]]></system-out></testcase><testcase classname="tests.component.rpm.test_buildpackage_rpm.TestGbpRpm" name="test_pristine_tar" time="0.824"><system-out><![CDATA[Building target platforms: noarch
Building for target noarch
Executing(%prep): /bin/sh -e /var/tmp/rpm-tmp.0b9qHb
drwxrwxr-x root/root         0 2012-11-07 08:15 gbp-test/
-rw-rw-r-- root/root        21 2012-11-07 08:15 gbp-test/Makefile
-rw-rw-r-- root/root        48 2012-11-07 08:15 gbp-test/README
-rwxrwxr-x root/root        30 2012-11-07 08:15 gbp-test/dummy.sh
-rw-r--r-- marquiz/users    56 2012-10-30 09:55 bar.txt
Patch #0 (my.patch):
patching file dummy.sh
Patch #1 (my-gz.patch.gz):
patching file AUTHORS
Patch #2 (my-bzip2.patch.bz2):
patching file NEWS
Patch #10 (my2.patch):
patching file mydir/myfile.txt
Executing(%build): /bin/sh -e /var/tmp/rpm-tmp.9RsrRb
make[3]: Entering directory '/var/scratch/src/git-buildpackage/git-buildpackage/gbp_TestGbpRpm_psucmbio/tmp_test_pristine_tar_6bzro6nb/rpmbuild/BUILD/gbp-test'
Ready!
make[3]: Leaving directory '/var/scratch/src/git-buildpackage/git-buildpackage/gbp_TestGbpRpm_psucmbio/tmp_test_pristine_tar_6bzro6nb/rpmbuild/BUILD/gbp-test'
Executing(%install): /bin/sh -e /var/tmp/rpm-tmp.Oul6pa
Processing files: gbp-test-1.1-2.noarch
Provides: gbp-test = 1.1-2
Requires(rpmlib): rpmlib(CompressedFileNames) <= 3.0.4-1 rpmlib(FileDigests) <= 4.6.0-1 rpmlib(PayloadFilesHavePrefix) <= 4.0-1
Requires: /bin/sh
[...]
rm 'debian/control'
[bar 2325647] added bar
 Date: Mon Feb 1 12:03:07 2021 +0100
 1 file changed, 1 insertion(+)
 create mode 100644 bar
]]></system-out><system-err><![CDATA[?[KSuccessfully rebased and updated refs/heads/patch-queue/master.
?[KSuccessfully rebased and updated refs/heads/patch-queue/master.
]]></system-err></testcase><testcase classname="tests.13_test_gbp_pq.TestFromTAG" name="test_empty" time="0.692"><system-out><![CDATA[rm 'debian/changelog'
rm 'debian/control'
]]></system-out><system-err><![CDATA[?[KSuccessfully rebased and updated refs/heads/patch-queue/master.
]]></system-err></testcase><testcase classname="tests.13_test_gbp_pq.TestParseGbpCommand" name="test_empty_body" time="0.003"></testcase><testcase classname="tests.13_test_gbp_pq.TestParseGbpCommand" name="test_filter_cmd" time="0.002"></testcase><testcase classname="tests.13_test_gbp_pq.TestParseGbpCommand" name="test_noarg_cmd" time="0.000"></testcase><testcase classname="tests.13_test_gbp_pq.TestWritePatch" name="test_generate_patches" time="0.210"></testcase><testcase classname="tests.13_test_gbp_pq.TestWritePatch" name="test_generate_patches_with_name_clashes" time="0.300"></testcase><testcase classname="tests.13_test_gbp_pq.TestWritePatch" name="test_generate_renumbered_patches" time="0.233"></testcase><testcase classname="tests.14_test_gbp_import_dscs.TestImportDscs" name="test_import_fail_first" time="0.062"></testcase><testcase classname="tests.14_test_gbp_import_dscs.TestImportDscs" name="test_import_fail_second" time="0.075"></testcase><testcase classname="tests.14_test_gbp_import_dscs.TestImportDscs" name="test_import_success" time="0.082"></testcase><testcase classname="tests.15_test_DebianSource.TestDebianSource" name="test_control" time="0.034"></testcase><testcase classname="tests.15_test_DebianSource.TestDebianSource" name="test_cur_dir_not_toplevel" time="0.150"></testcase><testcase classname="tests.15_test_DebianSource.TestDebianSource" name="test_is_native_fallback_file" time="0.104"></testcase><testcase classname="tests.15_test_DebianSource.TestDebianSource" name="test_is_native_file_3_file" time="0.039"></testcase><testcase classname="tests.15_test_DebianSource.TestDebianSource" name="test_is_native_file_3_git" time="0.097"></testcase><testcase classname="tests.15_test_DebianSource.TestDebianSource" name="test_is_not_releasable" time="0.098"></testcase><testcase classname="tests.15_test_DebianSource.TestDebianSource" name="test_is_releasable" time="0.092"></testcase><testcase classname="tests.16_test_supercommand.TestSuperCommand" name="test_help_command" time="0.000"><system-out><![CDATA[
Usage:
    gbp <command> [<args>]

The most commonly used commands are:

    buildpackage - build a Debian package
    import-orig  - import a new upstream tarball
    import-dsc   - import a single Debian source package
    import-dscs  - import multiple Debian source packages

Use '--list-cmds' to list all available commands.

]]></system-out></testcase><testcase classname="tests.16_test_supercommand.TestSuperCommand" name="test_import" time="0.001"></testcase><testcase classname="tests.16_test_supercommand.TestSuperCommand" name="test_invalid_command" time="0.000"><system-out><![CDATA[
Usage:
    gbp <command> [<args>]

The most commonly used commands are:

    buildpackage - build a Debian package
    import-orig  - import a new upstream tarball
    import-dsc   - import a single Debian source package
    import-dscs  - import multiple Debian source packages

Use '--list-cmds' to list all available commands.


Usage:
    gbp <command> [<args>]

The most commonly used commands are:

    buildpackage - build a Debian package
    import-orig  - import a new upstream tarball
    import-dsc   - import a single Debian source package
    import-dscs  - import multiple Debian source packages

Use '--list-cmds' to list all available commands.

]]></system-out></testcase><testcase classname="tests.16_test_supercommand.TestSuperCommand" name="test_list_commands" time="0.001"></testcase><testcase classname="tests.16_test_supercommand.TestSuperCommand" name="test_missing_arg" time="0.000"><system-out><![CDATA[
Usage:
    gbp <command> [<args>]

The most commonly used commands are:

    buildpackage - build a Debian package
    import-orig  - import a new upstream tarball
    import-dsc   - import a single Debian source package
    import-dscs  - import multiple Debian source packages

Use '--list-cmds' to list all available commands.

]]></system-out></testcase><testcase classname="tests.17_test_dch_guess_documented_commit.TestGuessDocumentedCommit" name="test_01_from_snapshot_banner" time="0.091"></testcase><testcase classname="tests.17_test_dch_guess_documented_commit.TestGuessDocumentedCommit" name="test_02_from_tag" time="0.128"></testcase><testcase classname="tests.17_test_dch_guess_documented_commit.TestGuessDocumentedCommit" name="test_03_from_changelog_commit" time="0.142"></testcase><testcase classname="tests.17_test_dch_guess_documented_commit.TestGuessDocumentedCommit" name="test_04_not_touched" time="0.135"></testcase><testcase classname="tests.18_test_Config.TestConfigParser" name="test_default" time="0.224"></testcase><testcase classname="tests.18_test_Config.TestConfigParser" name="test_get_config_file_value" time="0.019"></testcase><testcase classname="tests.18_test_Config.TestConfigParser" name="test_new_overrides_git" time="0.082"></testcase><testcase classname="tests.18_test_Config.TestConfigParser" name="test_param_list" time="0.023"></testcase><testcase classname="tests.18_test_Config.TestConfigParser" name="test_short_option" time="0.028"></testcase><testcase classname="tests.18_test_Config.TestConfigParser" name="test_short_option_with_prefix" time="0.023"></testcase><testcase classname="tests.18_test_Config.TestConfigParser" name="test_single_gbp_override" time="0.045"></testcase><testcase classname="tests.18_test_Config.TestConfigParser" name="test_single_git_override" time="0.052"></testcase><testcase classname="tests.18_test_Config.TestConfigParser" name="test_single_git_override_disabled_deprecations" time="0.043"></testcase><testcase classname="tests.18_test_Config.TestConfigParser" name="test_single_override" time="0.055"></testcase><testcase classname="tests.19_test_gbp_scripts_config.TestGbpConfigCommand" name="test_invocation_missing_value" time="0.039"></testcase><testcase classname="tests.19_test_gbp_scripts_config.TestGbpConfigCommand" name="test_invocation_single_value" time="0.039"><system-out><![CDATA[auto
]]></system-out></testcase><testcase classname="tests.19_test_gbp_scripts_config.TestGbpConfigCommand" name="test_nonexistent_cmds" time="0.099"></testcase><testcase classname="tests.19_test_gbp_scripts_config.TestGbpConfigCommand" name="test_print_cmd_all_values" time="0.237"></testcase><testcase classname="tests.19_test_gbp_scripts_config.TestGbpConfigCommand" name="test_print_cmd_single_value_default" time="0.021"></testcase><testcase classname="tests.19_test_gbp_scripts_config.TestGbpConfigCommand" name="test_print_cmd_single_value_empty_default" time="0.026"></testcase><testcase classname="tests.19_test_gbp_scripts_config.TestGbpConfigCommand" name="test_print_cmd_single_value_override" time="0.021"></testcase><testcase classname="tests.20_test_rpm.TestSpecFile" name="test_changelog" time="0.011"></testcase><testcase classname="tests.20_test_rpm.TestSpecFile" name="test_modifying" time="0.012"></testcase><testcase classname="tests.20_test_rpm.TestSpecFile" name="test_modifying_err" time="0.013"></testcase><testcase classname="tests.20_test_rpm.TestSpecFile" name="test_parse_raw" time="0.007"></testcase><testcase classname="tests.20_test_rpm.TestSpecFile" name="test_patch_series" time="0.012"></testcase><testcase classname="tests.20_test_rpm.TestSpecFile" name="test_patch_series_autosetup" time="0.008"></testcase><testcase classname="tests.20_test_rpm.TestSpecFile" name="test_patch_series_quirks" time="0.012"></testcase><testcase classname="tests.20_test_rpm.TestSpecFile" name="test_quirks" time="0.009"></testcase><testcase classname="tests.20_test_rpm.TestSpecFile" name="test_spec" time="0.009"></testcase><testcase classname="tests.20_test_rpm.TestSpecFile" name="test_spec_2" time="0.008"></testcase><testcase classname="tests.20_test_rpm.TestSpecFile" name="test_spec_3" time="0.005"></testcase><testcase classname="tests.20_test_rpm.TestSpecFile" name="test_spec_4" time="0.005"></testcase><testcase classname="tests.20_test_rpm.TestSpecFile" name="test_tags" time="0.011"></testcase><testcase classname="tests.20_test_rpm.TestSpecFile" name="test_update_spec" time="0.009"></testcase><testcase classname="tests.20_test_rpm.TestSpecFile" name="test_update_spec2" time="0.006"></testcase><testcase classname="tests.20_test_rpm.TestSrcRpmFile" name="test_srpm" time="0.001"></testcase><testcase classname="tests.20_test_rpm.TestSrcRpmFile" name="test_srpm_2" time="0.000"></testcase><testcase classname="tests.20_test_rpm.TestSrcRpmFile" name="test_unpack_srpm" time="0.018"></testcase><testcase classname="tests.20_test_rpm.TestUtilityFunctions" name="test_guess_spec" time="0.007"></testcase><testcase classname="tests.20_test_rpm.TestUtilityFunctions" name="test_guess_spec_repo" time="0.136"></testcase><testcase classname="tests.21_test_command_wrappers.TestCommandWrapperFailures" name="test_log_default_error_msg" time="0.004"></testcase><testcase classname="tests.21_test_command_wrappers.TestCommandWrapperFailures" name="test_log_quote_format" time="0.003"></testcase><testcase classname="tests.21_test_command_wrappers.TestCommandWrapperFailures" name="test_log_use_err_or_reason_for_error_messge_error" time="0.003"></testcase><testcase classname="tests.21_test_command_wrappers.TestCommandWrapperFailures" name="test_log_use_err_or_reason_for_error_messge_reason" time="0.011"></testcase><testcase classname="tests.21_test_command_wrappers.TestCommandWrapperFailures" name="test_log_use_stderr_for_err_message" time="0.003"></testcase><testcase classname="tests.21_test_command_wrappers.TestCommandWrapperFailures" name="test_log_use_stdout_for_err_message" time="0.002"></testcase><testcase classname="tests.21_test_command_wrappers.TestCommandWrapperFailures" name="test_no_log_on_success" time="0.002"></testcase><testcase classname="tests.22_test_gbp_buildpackage.TestGbpBuildpackageDep14" name="test_get_pbuilder_dist_dep14_debian_master" time="0.091"></testcase><testcase classname="tests.22_test_gbp_buildpackage.TestGbpBuildpackageDep14" name="test_get_pbuilder_dist_dep14_debian_native" time="0.065"></testcase><testcase classname="tests.22_test_gbp_buildpackage.TestGbpBuildpackageDep14" name="test_get_pbuilder_dist_dep14_debian_sid" time="0.076"></testcase><testcase classname="tests.22_test_gbp_buildpackage.TestGbpBuildpackageDep14" name="test_get_pbuilder_dist_dep14_debian_suite" time="0.073"></testcase><testcase classname="tests.22_test_gbp_buildpackage.TestGbpBuildpackageDep14" name="test_get_pbuilder_dist_dep14_no_vendor" time="0.081"></testcase><testcase classname="tests.22_test_gbp_buildpackage.TestGbpBuildpackageDep14" name="test_get_pbuilder_dist_dep14_no_vendor_sid" time="0.072"></testcase><testcase classname="tests.22_test_gbp_buildpackage.TestGbpBuildpackageDep14" name="test_get_pbuilder_dist_dep14_too_many_slashes" time="0.109"></testcase><testcase classname="tests.22_test_gbp_buildpackage.TestGbpBuildpackageDep14" name="test_get_pbuilder_dist_dep14_vendor_sid" time="0.075"></testcase><testcase classname="tests.22_test_gbp_buildpackage.TestGbpBuildpackageDep14" name="test_get_pbuilder_dist_dep14_vendor_suite" time="0.072"></testcase><testcase classname="tests.22_test_gbp_buildpackage.TestGbpBuildpackageDep14" name="test_get_pbuilder_dist_no_dep14" time="0.043"></testcase><testcase classname="tests.22_test_gbp_buildpackage.TestGbpBuildpackageSetupPbuilder" name="test_setup_pbuilder" time="0.028"></testcase><testcase classname="tests.22_test_gbp_buildpackage.TestGbpBuildpackageSetupPbuilder" name="test_setup_pbuilder_arch" time="0.030"></testcase><testcase classname="tests.23_test_dch_extract_bts_cmds.TestExtractBTSCmds" name="test_debian_commands" time="0.001"></testcase><testcase classname="tests.23_test_dch_extract_bts_cmds.TestExtractBTSCmds" name="test_nondebian_commands" time="0.002"></testcase><testcase classname="tests.24_test_gbp_import_orig.TestGbpBuildpackagePreparePristineTar" name="test_dir" time="0.001"></testcase><testcase classname="tests.24_test_gbp_import_orig.TestGbpBuildpackagePreparePristineTar" name="test_signature" time="0.001"></testcase><testcase classname="tests.24_test_gbp_import_orig.TestGbpBuildpackagePreparePristineTar" name="test_tar" time="0.001"></testcase><testcase classname="tests.24_test_gbp_import_orig.TestImportOrigDownload" name="test_200_download" time="0.000"><skipped type="unittest.case.SkipTest" message="network tests disabled"><![CDATA[Exception: network tests disabled
]]></skipped></testcase><testcase classname="tests.24_test_gbp_import_orig.TestImportOrigDownload" name="test_404_download" time="0.000"><skipped type="unittest.case.SkipTest" message="network tests disabled"><![CDATA[Exception: network tests disabled
]]></skipped></testcase><testcase classname="tests.24_test_gbp_import_orig.TestIs30Quilt" name="test_30_quilt" time="0.064"></testcase><testcase classname="tests.24_test_gbp_import_orig.TestIs30Quilt" name="test_30_quilt_empty_repo" time="0.035"></testcase><testcase classname="tests.24_test_gbp_import_orig.TestIs30Quilt" name="test_no_format" time="0.031"></testcase><testcase classname="tests.24_test_gbp_import_orig.TestIs30Quilt" name="test_no_quilt" time="0.032"></testcase><testcase classname="tests.24_test_gbp_import_orig.TestMergeModeReplace" name="testDebianDir" time="0.171"></testcase><testcase classname="tests.25_test_broken_gbp_conf.TestBrokenConfig" name="testBrokenConf" time="0.261"></testcase><testcase classname="tests.26_test_dch_extract_thanks.TestExtractThanks" name="test_debian_commands" time="0.001"></testcase><testcase classname="tests.27_test_create_remote_repo.TestGbpCreateRemoteRepoCommand" name="test_list_config_templates" time="0.034"></testcase><testcase classname="tests.27_test_create_remote_repo.TestGbpCreateRemoteRepoCommand" name="test_no_config_templates" time="0.016"></testcase><testcase classname="tests.28_test_gbp_git_repository_commit_dir.TestGitRepositoryCommitDir" name="test_long_msg_854333" time="0.101"></testcase><testcase classname="tests.28_test_gbp_git_repository_commit_dir.TestGitRepositoryCommitDir" name="test_long_reflog" time="0.077"></testcase><testcase classname="tests.28_test_gbp_git_repository_commit_dir.TestGitRepositoryCommitDir" name="test_simple" time="0.072"></testcase><testcase classname="tests.29_test_gbp_clone.TestGbpClone" name="test_vcs_git_url" time="0.048"></testcase><testcase classname="tests.30_test_deb_changelog.Test" name="test_changelog_creation_full" time="0.233"></testcase><testcase classname="tests.30_test_deb_changelog.Test" name="test_changelog_creation_package" time="0.285"></testcase><testcase classname="tests.30_test_deb_changelog.Test" name="test_changelog_creation_version" time="0.155"></testcase><testcase classname="tests.30_test_deb_changelog.Test" name="test_changelog_exists" time="0.087"></testcase><testcase classname="tests.30_test_deb_changelog.Test" name="test_changelog_missing_dir" time="0.096"></testcase><testcase classname="tests.30_test_deb_changelog.TestQuoting" name="test_comma" time="0.066"></testcase><testcase classname="tests.30_test_rpm_changelog.TestChangelog" name="basic_test" time="0.001"></testcase><testcase classname="tests.30_test_rpm_changelog.TestChangelog" name="test_add_section" time="0.000"></testcase><testcase classname="tests.30_test_rpm_changelog.TestChangelogEntry" name="test_str_format" time="0.000"></testcase><testcase classname="tests.30_test_rpm_changelog.TestChangelogHeader" name="test_container" time="0.000"></testcase><testcase classname="tests.30_test_rpm_changelog.TestChangelogHeader" name="test_str_format" time="0.000"></testcase><testcase classname="tests.30_test_rpm_changelog.TestChangelogHeader" name="test_str_format_err" time="0.000"></testcase><testcase classname="tests.30_test_rpm_changelog.TestChangelogParser" name="test_parse_authors" time="0.001"></testcase><testcase classname="tests.30_test_rpm_changelog.TestChangelogParser" name="test_parse_changelog" time="0.001"></testcase><testcase classname="tests.30_test_rpm_changelog.TestChangelogParser" name="test_parse_changelog_fail" time="0.000"></testcase><testcase classname="tests.30_test_rpm_changelog.TestChangelogParser" name="test_parse_changelog_file" time="0.001"></testcase><testcase classname="tests.30_test_rpm_changelog.TestChangelogParser" name="test_parse_section_fail" time="0.001"></testcase><testcase classname="tests.30_test_rpm_changelog.TestChangelogSection" name="test_append_entry" time="0.000"></testcase><testcase classname="tests.30_test_rpm_changelog.TestChangelogSection" name="test_set_header" time="0.000"></testcase><testcase classname="tests.30_test_rpm_changelog.TestChangelogSection" name="test_str_format" time="0.000"></testcase><testcase classname="tests.31_test_uscan.TestUscan" name="test_uscan" time="0.004"></testcase><testcase classname="tests.test_RollbackDebianGitRepository.TestRollbackGitRepository" name="test_empty_rollback" time="0.036"></testcase><testcase classname="tests.test_RollbackDebianGitRepository.TestRollbackGitRepository" name="test_rrr_branch" time="0.035"></testcase><testcase classname="tests.test_RollbackDebianGitRepository.TestRollbackGitRepository" name="test_rrr_merge" time="0.033"></testcase><testcase classname="tests.test_RollbackDebianGitRepository.TestRollbackGitRepository" name="test_rrr_merge_abort" time="0.034"></testcase><testcase classname="tests.test_RollbackDebianGitRepository.TestRollbackGitRepository" name="test_rrr_tag" time="0.032"></testcase><testcase classname="tests.test_RollbackDebianGitRepository.TestRollbackGitRepository" name="test_rrr_unknown_action" time="0.031"></testcase></testsuite>